[35m[Appium][39m Welcome to Appium v1.22.3
[35m[Appium][39m Non-default server args:
[35m[Appium][39m   port: 50102
[35m[Appium][39m   loglevel: info
[35m[Appium][39m   tmpDir: C:\Users\USER\AppData\Local\Temp\\Katalon\Appium\Temp1664366219211
[35m[Appium][39m   chromedriverPort: 50103
[35m[Appium][39m Deprecated server args:
[35m[Appium][39m   [31m--chromedriver-port[39m => --default-capabilities
[35m[Appium][39m Default capabilities, which will be added to each request unless overridden by desired capabilities:
[35m[Appium][39m   chromedriverPort: 50103
[35m[Appium][39m Appium REST http interface listener started on 0.0.0.0:50102
[35m[HTTP][39m [37m-->[39m [37mGET[39m [37m/wd/hub/status[39m
[35m[HTTP][39m [90m{}[39m
[35m[HTTP][39m [37m<-- GET /wd/hub/status [39m[32m200[39m [90m7 ms - 68[39m
[35m[HTTP][39m [90m[39m
[35m[HTTP][39m [37m-->[39m [37mGET[39m [37m/wd/hub/status[39m
[35m[HTTP][39m [90m{}[39m
[35m[HTTP][39m [37m<-- GET /wd/hub/status [39m[32m200[39m [90m1 ms - 68[39m
[35m[HTTP][39m [90m[39m
[35m[HTTP][39m [37m-->[39m [37mPOST[39m [37m/wd/hub/session[39m
[35m[HTTP][39m [90m{"desiredCapabilities":{"app":"C:\\Users\\USER\\Downloads\\SR-T-SEP28.apk","noReset":true,"deviceName":"realme RMX3063 (Android 10)","fullReset":false,"platform":"ANDROID","newCommandTimeout":1800,"platformVersion":"10","automationName":"uiautomator2","autoGrantPermissions":true,"platformName":"Android","udid":"SCSKORI7N7AMNZSW","systemPort":50108},"capabilities":{"firstMatch":[{"appium:app":"C:\\Users\\USER\\Downloads\\SR-T-SEP28.apk","appium:autoGrantPermissions":true,"appium:automationName":"uiautomator2","appium:deviceName":"realme RMX3063 (Android 10)","appium:fullReset":false,"appium:newCommandTimeout":1800,"appium:noReset":true,"platform":"ANDROID","platformName":"android","appium:platformVersion":"10","appium:systemPort":50108,"appium:udid":"SCSKORI7N7AMNZSW"}]}}[39m
[35m[BaseDriver][39m The following capabilities are not standard capabilities and should have an extension prefix:
[35m[BaseDriver][39m   platform
[35m[BaseDriver][39m   chromedriverPort
[35m[Appium][39m Appium v1.22.3 creating new AndroidUiautomator2Driver (v1.70.1) session
[35m[BaseDriver][39m The following capabilities were provided, but are not recognized by Appium:
[35m[BaseDriver][39m   platform
[35m[BaseDriver][39m Session created with session id: 817775db-013e-4e31-8980-c8ee8811b71d
[35m[BaseDriver][39m Using local app 'C:\Users\USER\Downloads\SR-T-SEP28.apk'
[35m[ADB][39m Found 1 'build-tools' folders under 'C:\Users\USER\.katalon\tools\android_sdk' (newest first):
[35m[ADB][39m     C:/Users/USER/.katalon/tools/android_sdk/build-tools/29.0.3
[35m[ADB][39m Using 'adb.exe' from 'C:\Users\USER\.katalon\tools\android_sdk\platform-tools\adb.exe'
[35m[AndroidDriver][39m Retrieving device list
[35m[AndroidDriver][39m Using device: SCSKORI7N7AMNZSW
[35m[ADB][39m Using 'adb.exe' from 'C:\Users\USER\.katalon\tools\android_sdk\platform-tools\adb.exe'
[35m[ADB][39m Getting device platform version
[35m[UiAutomator2][39m Relaxing hidden api policy
[35m[ADB][39m Package name: 'com.rsoft.salezrobot'
[35m[ADB][39m Main activity name: 'com.rsoft.salezrobot.MainActivity'
[35m[ADB][39m Using 'apksigner.jar' from 'C:\Users\USER\.katalon\tools\android_sdk\build-tools\29.0.3\lib\apksigner.jar'
[35m[ADB][39m 'C:\Users\USER\AppData\Roaming\npm\node_modules\appium\node_modules\appium-uiautomator2-server\apks\appium-uiautomator2-server-v4.27.0.apk' is signed with the default certificate
[35m[ADB][39m 'C:\Users\USER\AppData\Roaming\npm\node_modules\appium\node_modules\appium-uiautomator2-server\apks\appium-uiautomator2-server-debug-androidTest.apk' is signed with the default certificate
[35m[UiAutomator2][39m Server packages are not going to be (re)installed
[35m[ADB][39m Adding packages ["io.appium.settings","io.appium.uiautomator2.server","io.appium.uiautomator2.server.test"] to Doze whitelist
[35m[ADB][39m 'C:\Users\USER\Downloads\SR-T-SEP28.apk' is signed with a non-default certificate
[35m[ADB][39m The application at 'C:\Users\USER\Downloads\SR-T-SEP28.apk' will not be cached, because the device under test has confirmed the support of streamed installs
[35m[ADB][39m The installation of 'SR-T-SEP28.apk' took 8008ms
[35m[UiAutomator2][39m Starting UIAutomator2 server 4.27.0
[35m[UiAutomator2][39m Using UIAutomator2 server from 'C:\Users\USER\AppData\Roaming\npm\node_modules\appium\node_modules\appium-uiautomator2-server\apks\appium-uiautomator2-server-v4.27.0.apk' and test from 'C:\Users\USER\AppData\Roaming\npm\node_modules\appium\node_modules\appium-uiautomator2-server\apks\appium-uiautomator2-server-debug-androidTest.apk'
[35m[UiAutomator2][39m Waiting up to 30000ms for UiAutomator2 to be online...
[35m[WD Proxy][39m socket hang up
[35m[WD Proxy][39m socket hang up
[35m[WD Proxy][39m socket hang up
[35m[WD Proxy][39m socket hang up
[35m[WD Proxy][39m socket hang up
[35m[WD Proxy][39m Determined the downstream protocol as 'W3C'
[35m[AndroidDriver][39m Screen already unlocked, doing nothing
[35m[UiAutomator2][39m Starting 'com.rsoft.salezrobot/com.rsoft.salezrobot.MainActivity and waiting for 'com.rsoft.salezrobot/com.rsoft.salezrobot.MainActivity'
[35m[Appium][39m New AndroidUiautomator2Driver session created successfully, session 817775db-013e-4e31-8980-c8ee8811b71d added to master session list
[35m[HTTP][39m [37m<-- POST /wd/hub/session [39m[32m200[39m [90m24837 ms - 1250[39m
[35m[HTTP][39m [90m[39m
[35m[HTTP][39m [37m-->[39m [37mGET[39m [37m/wd/hub/session/817775db-013e-4e31-8980-c8ee8811b71d[39m
[35m[HTTP][39m [90m{}[39m
[35m[HTTP][39m [37m<-- GET /wd/hub/session/817775db-013e-4e31-8980-c8ee8811b71d [39m[32m200[39m [90m22 ms - 1204[39m
[35m[HTTP][39m [90m[39m
[35m[HTTP][39m [37m-->[39m [37mGET[39m [37m/wd/hub/session/817775db-013e-4e31-8980-c8ee8811b71d[39m
[35m[HTTP][39m [90m{}[39m
[35m[HTTP][39m [37m<-- GET /wd/hub/session/817775db-013e-4e31-8980-c8ee8811b71d [39m[32m200[39m [90m19 ms - 1204[39m
[35m[HTTP][39m [90m[39m
[35m[HTTP][39m [37m-->[39m [37mGET[39m [37m/wd/hub/status[39m
[35m[HTTP][39m [90m{}[39m
[35m[HTTP][39m [37m<-- GET /wd/hub/status [39m[32m200[39m [90m1 ms - 68[39m
[35m[HTTP][39m [90m[39m
[35m[HTTP][39m [37m-->[39m [37mPOST[39m [37m/wd/hub/session/817775db-013e-4e31-8980-c8ee8811b71d/timeouts[39m
[35m[HTTP][39m [90m{"implicit":60000}[39m
[35m[HTTP][39m [37m<-- POST /wd/hub/session/817775db-013e-4e31-8980-c8ee8811b71d/timeouts [39m[32m200[39m [90m6 ms - 14[39m
[35m[HTTP][39m [90m[39m
[35m[HTTP][39m [37m-->[39m [37mGET[39m [37m/wd/hub/session/817775db-013e-4e31-8980-c8ee8811b71d/source[39m
[35m[HTTP][39m [90m{}[39m
[35m[W3C (817775db)][39m Driver proxy active, passing request on via HTTP proxy
[35m[WD Proxy][39m Replacing sessionId ac5379f4-cdca-4087-99d9-fb0ea976cfd6 with 817775db-013e-4e31-8980-c8ee8811b71d
[35m[HTTP][39m [37m<-- GET /wd/hub/session/817775db-013e-4e31-8980-c8ee8811b71d/source [39m[32m200[39m [90m513 ms - 4785[39m
[35m[HTTP][39m [90m[39m
[35m[HTTP][39m [37m-->[39m [37mGET[39m [37m/wd/hub/session/817775db-013e-4e31-8980-c8ee8811b71d/screenshot[39m
[35m[HTTP][39m [90m{}[39m
[35m[HTTP][39m [37m<-- GET /wd/hub/session/817775db-013e-4e31-8980-c8ee8811b71d/screenshot [39m[32m200[39m [90m748 ms - 153956[39m
[35m[HTTP][39m [90m[39m
[35m[HTTP][39m [37m-->[39m [37mGET[39m [37m/wd/hub/session/817775db-013e-4e31-8980-c8ee8811b71d/source[39m
[35m[HTTP][39m [90m{}[39m
[35m[W3C (817775db)][39m Driver proxy active, passing request on via HTTP proxy
[35m[WD Proxy][39m Replacing sessionId ac5379f4-cdca-4087-99d9-fb0ea976cfd6 with 817775db-013e-4e31-8980-c8ee8811b71d
[35m[HTTP][39m [37m<-- GET /wd/hub/session/817775db-013e-4e31-8980-c8ee8811b71d/source [39m[32m200[39m [90m252 ms - 3963[39m
[35m[HTTP][39m [90m[39m
[35m[HTTP][39m [37m-->[39m [37mGET[39m [37m/wd/hub/session/817775db-013e-4e31-8980-c8ee8811b71d/screenshot[39m
[35m[HTTP][39m [90m{}[39m
[35m[HTTP][39m [37m<-- GET /wd/hub/session/817775db-013e-4e31-8980-c8ee8811b71d/screenshot [39m[32m200[39m [90m861 ms - 155734[39m
[35m[HTTP][39m [90m[39m
[35m[HTTP][39m [37m-->[39m [37mGET[39m [37m/wd/hub/session/817775db-013e-4e31-8980-c8ee8811b71d/source[39m
[35m[HTTP][39m [90m{}[39m
[35m[W3C (817775db)][39m Driver proxy active, passing request on via HTTP proxy
[35m[WD Proxy][39m Replacing sessionId ac5379f4-cdca-4087-99d9-fb0ea976cfd6 with 817775db-013e-4e31-8980-c8ee8811b71d
[35m[HTTP][39m [37m<-- GET /wd/hub/session/817775db-013e-4e31-8980-c8ee8811b71d/source [39m[32m200[39m [90m766 ms - 27768[39m
[35m[HTTP][39m [90m[39m
[35m[HTTP][39m [37m-->[39m [37mGET[39m [37m/wd/hub/session/817775db-013e-4e31-8980-c8ee8811b71d/screenshot[39m
[35m[HTTP][39m [90m{}[39m
[35m[HTTP][39m [37m<-- GET /wd/hub/session/817775db-013e-4e31-8980-c8ee8811b71d/screenshot [39m[32m200[39m [90m845 ms - 155988[39m
[35m[HTTP][39m [90m[39m
[35m[HTTP][39m [37m-->[39m [37mPOST[39m [37m/wd/hub/session/817775db-013e-4e31-8980-c8ee8811b71d/elements[39m
[35m[HTTP][39m [90m{"using":"xpath","value":"//*[@class = 'android.view.View' and @resource-id = '' and (@text = '' or . = '')]"}[39m
[35m[HTTP][39m [37m<-- POST /wd/hub/session/817775db-013e-4e31-8980-c8ee8811b71d/elements [39m[32m200[39m [90m1392 ms - 7179[39m
[35m[HTTP][39m [90m[39m
[35m[HTTP][39m [37m-->[39m [37mPOST[39m [37m/wd/hub/session/817775db-013e-4e31-8980-c8ee8811b71d/elements[39m
[35m[HTTP][39m [90m{"using":"accessibility id","value":"Instragrams"}[39m
[35m[HTTP][39m [37m<-- POST /wd/hub/session/817775db-013e-4e31-8980-c8ee8811b71d/elements [39m[32m200[39m [90m111 ms - 139[39m
[35m[HTTP][39m [90m[39m
[35m[HTTP][39m [37m-->[39m [37mGET[39m [37m/wd/hub/session/817775db-013e-4e31-8980-c8ee8811b71d/window/rect[39m
[35m[HTTP][39m [90m{}[39m
[35m[HTTP][39m [37m<-- GET /wd/hub/session/817775db-013e-4e31-8980-c8ee8811b71d/window/rect [39m[32m200[39m [90m33 ms - 49[39m
[35m[HTTP][39m [90m[39m
[35m[HTTP][39m [37m-->[39m [37mPOST[39m [37m/wd/hub/session/817775db-013e-4e31-8980-c8ee8811b71d/elements[39m
[35m[HTTP][39m [90m{"using":"accessibility id","value":"Instragrams"}[39m
[35m[HTTP][39m [37m<-- POST /wd/hub/session/817775db-013e-4e31-8980-c8ee8811b71d/elements [39m[32m200[39m [90m96 ms - 139[39m
[35m[HTTP][39m [90m[39m
[35m[HTTP][39m [37m-->[39m [37mGET[39m [37m/wd/hub/session/817775db-013e-4e31-8980-c8ee8811b71d/element/00000000-0000-00f8-0000-008e00000004/location[39m
[35m[HTTP][39m [90m{}[39m
[35m[W3C (817775db)][39m Driver proxy active, passing request on via HTTP proxy
[35m[WD Proxy][39m Replacing sessionId ac5379f4-cdca-4087-99d9-fb0ea976cfd6 with 817775db-013e-4e31-8980-c8ee8811b71d
[35m[HTTP][39m [37m<-- GET /wd/hub/session/817775db-013e-4e31-8980-c8ee8811b71d/element/00000000-0000-00f8-0000-008e00000004/location [39m[32m200[39m [90m38 ms - 77[39m
[35m[HTTP][39m [90m[39m
[35m[HTTP][39m [37m-->[39m [37mGET[39m [37m/wd/hub/session/817775db-013e-4e31-8980-c8ee8811b71d/element/00000000-0000-00f8-0000-008e00000004/text[39m
[35m[HTTP][39m [90m{}[39m
[35m[W3C (817775db)][39m Driver proxy active, passing request on via HTTP proxy
[35m[WD Proxy][39m Replacing sessionId ac5379f4-cdca-4087-99d9-fb0ea976cfd6 with 817775db-013e-4e31-8980-c8ee8811b71d
[35m[HTTP][39m [37m<-- GET /wd/hub/session/817775db-013e-4e31-8980-c8ee8811b71d/element/00000000-0000-00f8-0000-008e00000004/text [39m[32m200[39m [90m29 ms - 63[39m
[35m[HTTP][39m [90m[39m
[35m[HTTP][39m [37m-->[39m [37mGET[39m [37m/wd/hub/session/817775db-013e-4e31-8980-c8ee8811b71d/source[39m
[35m[HTTP][39m [90m{}[39m
[35m[W3C (817775db)][39m Driver proxy active, passing request on via HTTP proxy
[35m[WD Proxy][39m Replacing sessionId ac5379f4-cdca-4087-99d9-fb0ea976cfd6 with 817775db-013e-4e31-8980-c8ee8811b71d
[35m[HTTP][39m [37m<-- GET /wd/hub/session/817775db-013e-4e31-8980-c8ee8811b71d/source [39m[32m200[39m [90m365 ms - 11920[39m
[35m[HTTP][39m [90m[39m
[35m[HTTP][39m [37m-->[39m [37mGET[39m [37m/wd/hub/session/817775db-013e-4e31-8980-c8ee8811b71d/screenshot[39m
[35m[HTTP][39m [90m{}[39m
[35m[HTTP][39m [37m<-- GET /wd/hub/session/817775db-013e-4e31-8980-c8ee8811b71d/screenshot [39m[32m200[39m [90m853 ms - 86536[39m
[35m[HTTP][39m [90m[39m
[35m[HTTP][39m [37m-->[39m [37mPOST[39m [37m/wd/hub/session/817775db-013e-4e31-8980-c8ee8811b71d/elements[39m
[35m[HTTP][39m [90m{"using":"xpath","value":"//*[@class = 'android.view.View' and @resource-id = '' and (@text = '' or . = '')]"}[39m
[35m[HTTP][39m [37m<-- POST /wd/hub/session/817775db-013e-4e31-8980-c8ee8811b71d/elements [39m[32m200[39m [90m395 ms - 2571[39m
[35m[HTTP][39m [90m[39m
[35m[HTTP][39m [37m-->[39m [37mPOST[39m [37m/wd/hub/session/817775db-013e-4e31-8980-c8ee8811b71d/elements[39m
[35m[HTTP][39m [90m{"using":"-android uiautomator","value":"new UiSelector().className(\"android.view.View\").resourceId(\"\")"}[39m
[35m[HTTP][39m [37m<-- POST /wd/hub/session/817775db-013e-4e31-8980-c8ee8811b71d/elements [39m[32m200[39m [90m617 ms - 2571[39m
[35m[HTTP][39m [90m[39m
[35m[HTTP][39m [37m-->[39m [37mPOST[39m [37m/wd/hub/session/817775db-013e-4e31-8980-c8ee8811b71d/elements[39m
[35m[HTTP][39m [90m{"using":"xpath","value":"//*[@class = 'android.view.View' and @resource-id = '' and (@text = '' or . = '')]"}[39m
[35m[HTTP][39m [37m<-- POST /wd/hub/session/817775db-013e-4e31-8980-c8ee8811b71d/elements [39m[32m200[39m [90m390 ms - 2571[39m
[35m[HTTP][39m [90m[39m
[35m[HTTP][39m [37m-->[39m [37mPOST[39m [37m/wd/hub/session/817775db-013e-4e31-8980-c8ee8811b71d/elements[39m
[35m[HTTP][39m [90m{"using":"-android uiautomator","value":"new UiSelector().className(\"android.view.View\").resourceId(\"\")"}[39m
[35m[HTTP][39m [37m<-- POST /wd/hub/session/817775db-013e-4e31-8980-c8ee8811b71d/elements [39m[32m200[39m [90m420 ms - 2571[39m
[35m[HTTP][39m [90m[39m
[35m[HTTP][39m [37m-->[39m [37mGET[39m [37m/wd/hub/session/817775db-013e-4e31-8980-c8ee8811b71d/source[39m
[35m[HTTP][39m [90m{}[39m
[35m[W3C (817775db)][39m Driver proxy active, passing request on via HTTP proxy
[35m[WD Proxy][39m Replacing sessionId ac5379f4-cdca-4087-99d9-fb0ea976cfd6 with 817775db-013e-4e31-8980-c8ee8811b71d
[35m[HTTP][39m [37m<-- GET /wd/hub/session/817775db-013e-4e31-8980-c8ee8811b71d/source [39m[32m200[39m [90m336 ms - 11920[39m
[35m[HTTP][39m [90m[39m
[35m[HTTP][39m [37m-->[39m [37mGET[39m [37m/wd/hub/session/817775db-013e-4e31-8980-c8ee8811b71d/screenshot[39m
[35m[HTTP][39m [90m{}[39m
[35m[HTTP][39m [37m<-- GET /wd/hub/session/817775db-013e-4e31-8980-c8ee8811b71d/screenshot [39m[32m200[39m [90m734 ms - 86536[39m
[35m[HTTP][39m [90m[39m
[35m[HTTP][39m [37m-->[39m [37mPOST[39m [37m/wd/hub/session/817775db-013e-4e31-8980-c8ee8811b71d/elements[39m
[35m[HTTP][39m [90m{"using":"xpath","value":"//*[@class = 'android.widget.Button' and @resource-id = '' and (@text = '' or . = '')]"}[39m
[35m[HTTP][39m [37m<-- POST /wd/hub/session/817775db-013e-4e31-8980-c8ee8811b71d/elements [39m[32m200[39m [90m370 ms - 395[39m
[35m[HTTP][39m [90m[39m
[35m[HTTP][39m [37m-->[39m [37mPOST[39m [37m/wd/hub/session/817775db-013e-4e31-8980-c8ee8811b71d/elements[39m
[35m[HTTP][39m [90m{"using":"-android uiautomator","value":"new UiSelector().className(\"android.widget.Button\").resourceId(\"\")"}[39m
[35m[HTTP][39m [37m<-- POST /wd/hub/session/817775db-013e-4e31-8980-c8ee8811b71d/elements [39m[32m200[39m [90m113 ms - 395[39m
[35m[HTTP][39m [90m[39m
[35m[HTTP][39m [37m-->[39m [37mGET[39m [37m/wd/hub/session/817775db-013e-4e31-8980-c8ee8811b71d/window/rect[39m
[35m[HTTP][39m [90m{}[39m
[35m[HTTP][39m [37m<-- GET /wd/hub/session/817775db-013e-4e31-8980-c8ee8811b71d/window/rect [39m[32m200[39m [90m39 ms - 49[39m
[35m[HTTP][39m [90m[39m
[35m[HTTP][39m [37m-->[39m [37mPOST[39m [37m/wd/hub/session/817775db-013e-4e31-8980-c8ee8811b71d/elements[39m
[35m[HTTP][39m [90m{"using":"xpath","value":"//hierarchy/android.widget.FrameLayout[1]/android.widget.LinearLayout[1]/android.widget.FrameLayout[1]/android.widget.FrameLayout[1]/android.widget.FrameLayout[1]/android.view.View[1]/android.view.View[1]/android.view.View[1]/android.view.View[1]/android.view.View[1]/android.view.View[1]/android.widget.Button[1]"}[39m
[35m[HTTP][39m [37m<-- POST /wd/hub/session/817775db-013e-4e31-8980-c8ee8811b71d/elements [39m[32m200[39m [90m220 ms - 139[39m
[35m[HTTP][39m [90m[39m
[35m[HTTP][39m [37m-->[39m [37mGET[39m [37m/wd/hub/session/817775db-013e-4e31-8980-c8ee8811b71d/element/00000000-0000-00f8-0000-001900000004/location[39m
[35m[HTTP][39m [90m{}[39m
[35m[W3C (817775db)][39m Driver proxy active, passing request on via HTTP proxy
[35m[WD Proxy][39m Replacing sessionId ac5379f4-cdca-4087-99d9-fb0ea976cfd6 with 817775db-013e-4e31-8980-c8ee8811b71d
[35m[HTTP][39m [37m<-- GET /wd/hub/session/817775db-013e-4e31-8980-c8ee8811b71d/element/00000000-0000-00f8-0000-001900000004/location [39m[32m200[39m [90m37 ms - 75[39m
[35m[HTTP][39m [90m[39m
[35m[HTTP][39m [37m-->[39m [37mPOST[39m [37m/wd/hub/session/817775db-013e-4e31-8980-c8ee8811b71d/element/00000000-0000-00f8-0000-001900000004/click[39m
[35m[HTTP][39m [90m{"id":"00000000-0000-00f8-0000-001900000004"}[39m
[35m[HTTP][39m [37m<-- POST /wd/hub/session/817775db-013e-4e31-8980-c8ee8811b71d/element/00000000-0000-00f8-0000-001900000004/click [39m[32m200[39m [90m910 ms - 14[39m
[35m[HTTP][39m [90m[39m
[35m[HTTP][39m [37m-->[39m [37mGET[39m [37m/wd/hub/session/817775db-013e-4e31-8980-c8ee8811b71d/source[39m
[35m[HTTP][39m [90m{}[39m
[35m[W3C (817775db)][39m Driver proxy active, passing request on via HTTP proxy
[35m[WD Proxy][39m Replacing sessionId ac5379f4-cdca-4087-99d9-fb0ea976cfd6 with 817775db-013e-4e31-8980-c8ee8811b71d
[35m[HTTP][39m [37m<-- GET /wd/hub/session/817775db-013e-4e31-8980-c8ee8811b71d/source [39m[32m200[39m [90m399 ms - 11267[39m
[35m[HTTP][39m [90m[39m
[35m[HTTP][39m [37m-->[39m [37mGET[39m [37m/wd/hub/session/817775db-013e-4e31-8980-c8ee8811b71d/screenshot[39m
[35m[HTTP][39m [90m{}[39m
[35m[HTTP][39m [37m<-- GET /wd/hub/session/817775db-013e-4e31-8980-c8ee8811b71d/screenshot [39m[32m200[39m [90m850 ms - 120510[39m
[35m[HTTP][39m [90m[39m
[35m[HTTP][39m [37m-->[39m [37mPOST[39m [37m/wd/hub/session/817775db-013e-4e31-8980-c8ee8811b71d/elements[39m
[35m[HTTP][39m [90m{"using":"xpath","value":"//*[@class = 'android.view.View' and @resource-id = '' and (@text = '' or . = '')]"}[39m
[35m[HTTP][39m [37m<-- POST /wd/hub/session/817775db-013e-4e31-8980-c8ee8811b71d/elements [39m[32m200[39m [90m309 ms - 2699[39m
[35m[HTTP][39m [90m[39m
[35m[HTTP][39m [37m-->[39m [37mPOST[39m [37m/wd/hub/session/817775db-013e-4e31-8980-c8ee8811b71d/elements[39m
[35m[HTTP][39m [90m{"using":"accessibility id","value":"Instragrams"}[39m
[35m[HTTP][39m [37m<-- POST /wd/hub/session/817775db-013e-4e31-8980-c8ee8811b71d/elements [39m[32m200[39m [90m49 ms - 139[39m
[35m[HTTP][39m [90m[39m
[35m[HTTP][39m [37m-->[39m [37mGET[39m [37m/wd/hub/session/817775db-013e-4e31-8980-c8ee8811b71d/window/rect[39m
[35m[HTTP][39m [90m{}[39m
[35m[HTTP][39m [37m<-- GET /wd/hub/session/817775db-013e-4e31-8980-c8ee8811b71d/window/rect [39m[32m200[39m [90m27 ms - 49[39m
[35m[HTTP][39m [90m[39m
[35m[HTTP][39m [37m-->[39m [37mPOST[39m [37m/wd/hub/session/817775db-013e-4e31-8980-c8ee8811b71d/elements[39m
[35m[HTTP][39m [90m{"using":"accessibility id","value":"Instragrams"}[39m
[35m[HTTP][39m [37m<-- POST /wd/hub/session/817775db-013e-4e31-8980-c8ee8811b71d/elements [39m[32m200[39m [90m57 ms - 139[39m
[35m[HTTP][39m [90m[39m
[35m[HTTP][39m [37m-->[39m [37mGET[39m [37m/wd/hub/session/817775db-013e-4e31-8980-c8ee8811b71d/element/00000000-0000-00f8-0000-009a00000004/location[39m
[35m[HTTP][39m [90m{}[39m
[35m[W3C (817775db)][39m Driver proxy active, passing request on via HTTP proxy
[35m[WD Proxy][39m Replacing sessionId ac5379f4-cdca-4087-99d9-fb0ea976cfd6 with 817775db-013e-4e31-8980-c8ee8811b71d
[35m[HTTP][39m [37m<-- GET /wd/hub/session/817775db-013e-4e31-8980-c8ee8811b71d/element/00000000-0000-00f8-0000-009a00000004/location [39m[32m200[39m [90m41 ms - 76[39m
[35m[HTTP][39m [90m[39m
[35m[HTTP][39m [37m-->[39m [37mPOST[39m [37m/wd/hub/session/817775db-013e-4e31-8980-c8ee8811b71d/element/00000000-0000-00f8-0000-009a00000004/click[39m
[35m[HTTP][39m [90m{"id":"00000000-0000-00f8-0000-009a00000004"}[39m
[35m[HTTP][39m [37m<-- POST /wd/hub/session/817775db-013e-4e31-8980-c8ee8811b71d/element/00000000-0000-00f8-0000-009a00000004/click [39m[32m200[39m [90m60 ms - 14[39m
[35m[HTTP][39m [90m[39m
[35m[HTTP][39m [37m-->[39m [37mGET[39m [37m/wd/hub/session/817775db-013e-4e31-8980-c8ee8811b71d/source[39m
[35m[HTTP][39m [90m{}[39m
[35m[W3C (817775db)][39m Driver proxy active, passing request on via HTTP proxy
[35m[WD Proxy][39m Replacing sessionId ac5379f4-cdca-4087-99d9-fb0ea976cfd6 with 817775db-013e-4e31-8980-c8ee8811b71d
[35m[HTTP][39m [37m<-- GET /wd/hub/session/817775db-013e-4e31-8980-c8ee8811b71d/source [39m[32m200[39m [90m155 ms - 3963[39m
[35m[HTTP][39m [90m[39m
[35m[HTTP][39m [37m-->[39m [37mGET[39m [37m/wd/hub/session/817775db-013e-4e31-8980-c8ee8811b71d/screenshot[39m
[35m[HTTP][39m [90m{}[39m
[35m[HTTP][39m [37m<-- GET /wd/hub/session/817775db-013e-4e31-8980-c8ee8811b71d/screenshot [39m[32m200[39m [90m841 ms - 77558[39m
[35m[HTTP][39m [90m[39m
[35m[HTTP][39m [37m-->[39m [37mGET[39m [37m/wd/hub/session/817775db-013e-4e31-8980-c8ee8811b71d/source[39m
[35m[HTTP][39m [90m{}[39m
[35m[W3C (817775db)][39m Driver proxy active, passing request on via HTTP proxy
[35m[WD Proxy][39m Replacing sessionId ac5379f4-cdca-4087-99d9-fb0ea976cfd6 with 817775db-013e-4e31-8980-c8ee8811b71d
[35m[HTTP][39m [37m<-- GET /wd/hub/session/817775db-013e-4e31-8980-c8ee8811b71d/source [39m[32m200[39m [90m543 ms - 27768[39m
[35m[HTTP][39m [90m[39m
[35m[HTTP][39m [37m-->[39m [37mGET[39m [37m/wd/hub/session/817775db-013e-4e31-8980-c8ee8811b71d/screenshot[39m
[35m[HTTP][39m [90m{}[39m
[35m[HTTP][39m [37m<-- GET /wd/hub/session/817775db-013e-4e31-8980-c8ee8811b71d/screenshot [39m[32m200[39m [90m837 ms - 155918[39m
[35m[HTTP][39m [90m[39m
[35m[HTTP][39m [37m-->[39m [37mPOST[39m [37m/wd/hub/session/817775db-013e-4e31-8980-c8ee8811b71d/elements[39m
[35m[HTTP][39m [90m{"using":"xpath","value":"//*[@class = 'android.widget.Button' and @resource-id = '' and (@text = '' or . = '')]"}[39m
[35m[HTTP][39m [37m<-- POST /wd/hub/session/817775db-013e-4e31-8980-c8ee8811b71d/elements [39m[32m200[39m [90m521 ms - 523[39m
[35m[HTTP][39m [90m[39m
[35m[HTTP][39m [37m-->[39m [37mPOST[39m [37m/wd/hub/session/817775db-013e-4e31-8980-c8ee8811b71d/elements[39m
[35m[HTTP][39m [90m{"using":"-android uiautomator","value":"new UiSelector().className(\"android.widget.Button\").resourceId(\"\")"}[39m
[35m[HTTP][39m [37m<-- POST /wd/hub/session/817775db-013e-4e31-8980-c8ee8811b71d/elements [39m[32m200[39m [90m142 ms - 523[39m
[35m[HTTP][39m [90m[39m
[35m[HTTP][39m [37m-->[39m [37mGET[39m [37m/wd/hub/session/817775db-013e-4e31-8980-c8ee8811b71d/window/rect[39m
[35m[HTTP][39m [90m{}[39m
[35m[HTTP][39m [37m<-- GET /wd/hub/session/817775db-013e-4e31-8980-c8ee8811b71d/window/rect [39m[32m200[39m [90m17 ms - 49[39m
[35m[HTTP][39m [90m[39m
[35m[HTTP][39m [37m-->[39m [37mPOST[39m [37m/wd/hub/session/817775db-013e-4e31-8980-c8ee8811b71d/elements[39m
[35m[HTTP][39m [90m{"using":"xpath","value":"//hierarchy/android.widget.FrameLayout[1]/android.widget.LinearLayout[1]/android.widget.FrameLayout[1]/android.widget.FrameLayout[1]/android.widget.FrameLayout[1]/android.view.View[1]/android.view.View[1]/android.view.View[1]/android.view.View[1]/android.widget.Button[1]"}[39m
[35m[HTTP][39m [37m<-- POST /wd/hub/session/817775db-013e-4e31-8980-c8ee8811b71d/elements [39m[32m200[39m [90m188 ms - 139[39m
[35m[HTTP][39m [90m[39m
[35m[HTTP][39m [37m-->[39m [37mGET[39m [37m/wd/hub/session/817775db-013e-4e31-8980-c8ee8811b71d/element/00000000-0000-00f8-0000-00ff00000004/location[39m
[35m[HTTP][39m [90m{}[39m
[35m[W3C (817775db)][39m Driver proxy active, passing request on via HTTP proxy
[35m[WD Proxy][39m Replacing sessionId ac5379f4-cdca-4087-99d9-fb0ea976cfd6 with 817775db-013e-4e31-8980-c8ee8811b71d
[35m[HTTP][39m [37m<-- GET /wd/hub/session/817775db-013e-4e31-8980-c8ee8811b71d/element/00000000-0000-00f8-0000-00ff00000004/location [39m[32m200[39m [90m27 ms - 79[39m
[35m[HTTP][39m [90m[39m
[35m[HTTP][39m [37m-->[39m [37mPOST[39m [37m/wd/hub/session/817775db-013e-4e31-8980-c8ee8811b71d/element/00000000-0000-00f8-0000-00ff00000004/click[39m
[35m[HTTP][39m [90m{"id":"00000000-0000-00f8-0000-00ff00000004"}[39m
[35m[HTTP][39m [37m<-- POST /wd/hub/session/817775db-013e-4e31-8980-c8ee8811b71d/element/00000000-0000-00f8-0000-00ff00000004/click [39m[32m200[39m [90m589 ms - 14[39m
[35m[HTTP][39m [90m[39m
[35m[HTTP][39m [37m-->[39m [37mGET[39m [37m/wd/hub/session/817775db-013e-4e31-8980-c8ee8811b71d/source[39m
[35m[HTTP][39m [90m{}[39m
[35m[W3C (817775db)][39m Driver proxy active, passing request on via HTTP proxy
[35m[WD Proxy][39m Replacing sessionId ac5379f4-cdca-4087-99d9-fb0ea976cfd6 with 817775db-013e-4e31-8980-c8ee8811b71d
[35m[HTTP][39m [37m<-- GET /wd/hub/session/817775db-013e-4e31-8980-c8ee8811b71d/source [39m[32m200[39m [90m700 ms - 12496[39m
[35m[HTTP][39m [90m[39m
[35m[HTTP][39m [37m-->[39m [37mGET[39m [37m/wd/hub/session/817775db-013e-4e31-8980-c8ee8811b71d/screenshot[39m
[35m[HTTP][39m [90m{}[39m
[35m[HTTP][39m [37m<-- GET /wd/hub/session/817775db-013e-4e31-8980-c8ee8811b71d/screenshot [39m[32m200[39m [90m777 ms - 106356[39m
[35m[HTTP][39m [90m[39m
[35m[HTTP][39m [37m-->[39m [37mGET[39m [37m/wd/hub/session/817775db-013e-4e31-8980-c8ee8811b71d/context[39m
[35m[HTTP][39m [90m{}[39m
[35m[HTTP][39m [37m<-- GET /wd/hub/session/817775db-013e-4e31-8980-c8ee8811b71d/context [39m[32m200[39m [90m2 ms - 22[39m
[35m[HTTP][39m [90m[39m
[35m[HTTP][39m [37m-->[39m [37mGET[39m [37m/wd/hub/session/817775db-013e-4e31-8980-c8ee8811b71d/contexts[39m
[35m[HTTP][39m [90m{}[39m
[35m[HTTP][39m [37m<-- GET /wd/hub/session/817775db-013e-4e31-8980-c8ee8811b71d/contexts [39m[32m200[39m [90m178 ms - 24[39m
[35m[HTTP][39m [90m[39m
[35m[HTTP][39m [37m-->[39m [37mPOST[39m [37m/wd/hub/session/817775db-013e-4e31-8980-c8ee8811b71d/context[39m
[35m[HTTP][39m [90m{"name":"NATIVE_APP"}[39m
[35m[HTTP][39m [37m<-- POST /wd/hub/session/817775db-013e-4e31-8980-c8ee8811b71d/context [39m[32m200[39m [90m1 ms - 14[39m
[35m[HTTP][39m [90m[39m
[35m[HTTP][39m [37m-->[39m [37mPOST[39m [37m/wd/hub/session/817775db-013e-4e31-8980-c8ee8811b71d/touch/perform[39m
[35m[HTTP][39m [90m{"actions":[{"action":"press","options":{"x":360,"y":1200}},{"action":"wait","options":{"ms":500}},{"action":"moveTo","options":{"x":360,"y":788}},{"action":"release","options":{}}]}[39m
[35m[HTTP][39m [37m<-- POST /wd/hub/session/817775db-013e-4e31-8980-c8ee8811b71d/touch/perform [39m[32m200[39m [90m1078 ms - 14[39m
[35m[HTTP][39m [90m[39m
[35m[HTTP][39m [37m-->[39m [37mPOST[39m [37m/wd/hub/session/817775db-013e-4e31-8980-c8ee8811b71d/context[39m
[35m[HTTP][39m [90m{"name":"NATIVE_APP"}[39m
[35m[HTTP][39m [37m<-- POST /wd/hub/session/817775db-013e-4e31-8980-c8ee8811b71d/context [39m[32m200[39m [90m1 ms - 14[39m
[35m[HTTP][39m [90m[39m
[35m[HTTP][39m [37m-->[39m [37mGET[39m [37m/wd/hub/session/817775db-013e-4e31-8980-c8ee8811b71d/source[39m
[35m[HTTP][39m [90m{}[39m
[35m[W3C (817775db)][39m Driver proxy active, passing request on via HTTP proxy
[35m[WD Proxy][39m Replacing sessionId ac5379f4-cdca-4087-99d9-fb0ea976cfd6 with 817775db-013e-4e31-8980-c8ee8811b71d
[35m[HTTP][39m [37m<-- GET /wd/hub/session/817775db-013e-4e31-8980-c8ee8811b71d/source [39m[32m200[39m [90m463 ms - 13876[39m
[35m[HTTP][39m [90m[39m
[35m[HTTP][39m [37m-->[39m [37mGET[39m [37m/wd/hub/session/817775db-013e-4e31-8980-c8ee8811b71d/screenshot[39m
[35m[HTTP][39m [90m{}[39m
[35m[HTTP][39m [37m<-- GET /wd/hub/session/817775db-013e-4e31-8980-c8ee8811b71d/screenshot [39m[32m200[39m [90m810 ms - 104922[39m
[35m[HTTP][39m [90m[39m
[35m[HTTP][39m [37m-->[39m [37mGET[39m [37m/wd/hub/session/817775db-013e-4e31-8980-c8ee8811b71d/source[39m
[35m[HTTP][39m [90m{}[39m
[35m[W3C (817775db)][39m Driver proxy active, passing request on via HTTP proxy
[35m[WD Proxy][39m Replacing sessionId ac5379f4-cdca-4087-99d9-fb0ea976cfd6 with 817775db-013e-4e31-8980-c8ee8811b71d
[35m[HTTP][39m [37m<-- GET /wd/hub/session/817775db-013e-4e31-8980-c8ee8811b71d/source [39m[32m200[39m [90m321 ms - 12496[39m
[35m[HTTP][39m [90m[39m
[35m[HTTP][39m [37m-->[39m [37mGET[39m [37m/wd/hub/session/817775db-013e-4e31-8980-c8ee8811b71d/screenshot[39m
[35m[HTTP][39m [90m{}[39m
[35m[HTTP][39m [37m<-- GET /wd/hub/session/817775db-013e-4e31-8980-c8ee8811b71d/screenshot [39m[32m200[39m [90m808 ms - 105958[39m
[35m[HTTP][39m [90m[39m
[35m[HTTP][39m [37m-->[39m [37mPOST[39m [37m/wd/hub/session/817775db-013e-4e31-8980-c8ee8811b71d/elements[39m
[35m[HTTP][39m [90m{"using":"xpath","value":"//*[@class = 'android.view.View' and @resource-id = '' and (@text = '' or . = '')]"}[39m
[35m[HTTP][39m [37m<-- POST /wd/hub/session/817775db-013e-4e31-8980-c8ee8811b71d/elements [39m[32m200[39m [90m381 ms - 2059[39m
[35m[HTTP][39m [90m[39m
[35m[HTTP][39m [37m-->[39m [37mPOST[39m [37m/wd/hub/session/817775db-013e-4e31-8980-c8ee8811b71d/elements[39m
[35m[HTTP][39m [90m{"using":"accessibility id","value":"Create Instragrams"}[39m
[35m[HTTP][39m [37m<-- POST /wd/hub/session/817775db-013e-4e31-8980-c8ee8811b71d/elements [39m[32m200[39m [90m40 ms - 139[39m
[35m[HTTP][39m [90m[39m
[35m[HTTP][39m [37m-->[39m [37mGET[39m [37m/wd/hub/session/817775db-013e-4e31-8980-c8ee8811b71d/window/rect[39m
[35m[HTTP][39m [90m{}[39m
[35m[HTTP][39m [37m<-- GET /wd/hub/session/817775db-013e-4e31-8980-c8ee8811b71d/window/rect [39m[32m200[39m [90m43 ms - 49[39m
[35m[HTTP][39m [90m[39m
[35m[HTTP][39m [37m-->[39m [37mPOST[39m [37m/wd/hub/session/817775db-013e-4e31-8980-c8ee8811b71d/elements[39m
[35m[HTTP][39m [90m{"using":"accessibility id","value":"Create Instragrams"}[39m
[35m[HTTP][39m [37m<-- POST /wd/hub/session/817775db-013e-4e31-8980-c8ee8811b71d/elements [39m[32m200[39m [90m77 ms - 139[39m
[35m[HTTP][39m [90m[39m
[35m[HTTP][39m [37m-->[39m [37mGET[39m [37m/wd/hub/session/817775db-013e-4e31-8980-c8ee8811b71d/element/00000000-0000-00f8-0000-011900000004/location[39m
[35m[HTTP][39m [90m{}[39m
[35m[W3C (817775db)][39m Driver proxy active, passing request on via HTTP proxy
[35m[WD Proxy][39m Replacing sessionId ac5379f4-cdca-4087-99d9-fb0ea976cfd6 with 817775db-013e-4e31-8980-c8ee8811b71d
[35m[HTTP][39m [37m<-- GET /wd/hub/session/817775db-013e-4e31-8980-c8ee8811b71d/element/00000000-0000-00f8-0000-011900000004/location [39m[32m200[39m [90m52 ms - 77[39m
[35m[HTTP][39m [90m[39m
[35m[HTTP][39m [37m-->[39m [37mPOST[39m [37m/wd/hub/session/817775db-013e-4e31-8980-c8ee8811b71d/element/00000000-0000-00f8-0000-011900000004/clear[39m
[35m[HTTP][39m [90m{"id":"00000000-0000-00f8-0000-011900000004"}[39m
[35m[HTTP][39m [37m<-- POST /wd/hub/session/817775db-013e-4e31-8980-c8ee8811b71d/element/00000000-0000-00f8-0000-011900000004/clear [39m[32m200[39m [90m57 ms - 14[39m
[35m[HTTP][39m [90m[39m
[35m[HTTP][39m [37m-->[39m [37mPOST[39m [37m/wd/hub/session/817775db-013e-4e31-8980-c8ee8811b71d/element/00000000-0000-00f8-0000-011900000004/value[39m
[35m[HTTP][39m [90m{"id":"00000000-0000-00f8-0000-011900000004","text":"Create Instragrams","value":["C","r","e","a","t","e"," ","I","n","s","t","r","a","g","r","a","m","s"]}[39m
[35m[HTTP][39m [37m<-- POST /wd/hub/session/817775db-013e-4e31-8980-c8ee8811b71d/element/00000000-0000-00f8-0000-011900000004/value [39m[32m200[39m [90m65 ms - 14[39m
[35m[HTTP][39m [90m[39m
[35m[HTTP][39m [37m-->[39m [37mGET[39m [37m/wd/hub/session/817775db-013e-4e31-8980-c8ee8811b71d/source[39m
[35m[HTTP][39m [90m{}[39m
[35m[W3C (817775db)][39m Driver proxy active, passing request on via HTTP proxy
[35m[WD Proxy][39m Replacing sessionId ac5379f4-cdca-4087-99d9-fb0ea976cfd6 with 817775db-013e-4e31-8980-c8ee8811b71d
[35m[HTTP][39m [37m<-- GET /wd/hub/session/817775db-013e-4e31-8980-c8ee8811b71d/source [39m[32m200[39m [90m312 ms - 12516[39m
[35m[HTTP][39m [90m[39m
[35m[HTTP][39m [37m-->[39m [37mGET[39m [37m/wd/hub/session/817775db-013e-4e31-8980-c8ee8811b71d/screenshot[39m
[35m[HTTP][39m [90m{}[39m
[35m[HTTP][39m [37m<-- GET /wd/hub/session/817775db-013e-4e31-8980-c8ee8811b71d/screenshot [39m[32m200[39m [90m814 ms - 106400[39m
[35m[HTTP][39m [90m[39m
[35m[HTTP][39m [37m-->[39m [37mGET[39m [37m/wd/hub/session/817775db-013e-4e31-8980-c8ee8811b71d/source[39m
[35m[HTTP][39m [90m{}[39m
[35m[W3C (817775db)][39m Driver proxy active, passing request on via HTTP proxy
[35m[WD Proxy][39m Replacing sessionId ac5379f4-cdca-4087-99d9-fb0ea976cfd6 with 817775db-013e-4e31-8980-c8ee8811b71d
[35m[HTTP][39m [37m<-- GET /wd/hub/session/817775db-013e-4e31-8980-c8ee8811b71d/source [39m[32m200[39m [90m356 ms - 11920[39m
[35m[HTTP][39m [90m[39m
[35m[HTTP][39m [37m-->[39m [37mGET[39m [37m/wd/hub/session/817775db-013e-4e31-8980-c8ee8811b71d/screenshot[39m
[35m[HTTP][39m [90m{}[39m
[35m[HTTP][39m [37m<-- GET /wd/hub/session/817775db-013e-4e31-8980-c8ee8811b71d/screenshot [39m[32m200[39m [90m748 ms - 86450[39m
[35m[HTTP][39m [90m[39m
[35m[HTTP][39m [37m-->[39m [37mPOST[39m [37m/wd/hub/session/817775db-013e-4e31-8980-c8ee8811b71d/elements[39m
[35m[HTTP][39m [90m{"using":"xpath","value":"//*[@class = 'android.widget.Button' and @resource-id = '' and (@text = '' or . = '')]"}[39m
[35m[HTTP][39m [37m<-- POST /wd/hub/session/817775db-013e-4e31-8980-c8ee8811b71d/elements [39m[32m200[39m [90m376 ms - 395[39m
[35m[HTTP][39m [90m[39m
[35m[HTTP][39m [37m-->[39m [37mPOST[39m [37m/wd/hub/session/817775db-013e-4e31-8980-c8ee8811b71d/elements[39m
[35m[HTTP][39m [90m{"using":"-android uiautomator","value":"new UiSelector().className(\"android.widget.Button\").resourceId(\"\")"}[39m
[35m[HTTP][39m [37m<-- POST /wd/hub/session/817775db-013e-4e31-8980-c8ee8811b71d/elements [39m[32m200[39m [90m90 ms - 395[39m
[35m[HTTP][39m [90m[39m
[35m[HTTP][39m [37m-->[39m [37mGET[39m [37m/wd/hub/session/817775db-013e-4e31-8980-c8ee8811b71d/window/rect[39m
[35m[HTTP][39m [90m{}[39m
[35m[HTTP][39m [37m<-- GET /wd/hub/session/817775db-013e-4e31-8980-c8ee8811b71d/window/rect [39m[32m200[39m [90m25 ms - 49[39m
[35m[HTTP][39m [90m[39m
[35m[HTTP][39m [37m-->[39m [37mPOST[39m [37m/wd/hub/session/817775db-013e-4e31-8980-c8ee8811b71d/elements[39m
[35m[HTTP][39m [90m{"using":"xpath","value":"//hierarchy/android.widget.FrameLayout[1]/android.widget.LinearLayout[1]/android.widget.FrameLayout[1]/android.widget.FrameLayout[1]/android.widget.FrameLayout[1]/android.view.View[1]/android.view.View[1]/android.view.View[1]/android.view.View[1]/android.view.View[1]/android.view.View[1]/android.widget.Button[1]"}[39m
[35m[HTTP][39m [37m<-- POST /wd/hub/session/817775db-013e-4e31-8980-c8ee8811b71d/elements [39m[32m200[39m [90m181 ms - 139[39m
[35m[HTTP][39m [90m[39m
[35m[HTTP][39m [37m-->[39m [37mGET[39m [37m/wd/hub/session/817775db-013e-4e31-8980-c8ee8811b71d/element/00000000-0000-00f8-0000-001900000004/location[39m
[35m[HTTP][39m [90m{}[39m
[35m[W3C (817775db)][39m Driver proxy active, passing request on via HTTP proxy
[35m[WD Proxy][39m Replacing sessionId ac5379f4-cdca-4087-99d9-fb0ea976cfd6 with 817775db-013e-4e31-8980-c8ee8811b71d
[35m[HTTP][39m [37m<-- GET /wd/hub/session/817775db-013e-4e31-8980-c8ee8811b71d/element/00000000-0000-00f8-0000-001900000004/location [39m[32m200[39m [90m30 ms - 75[39m
[35m[HTTP][39m [90m[39m
[35m[HTTP][39m [37m-->[39m [37mPOST[39m [37m/wd/hub/session/817775db-013e-4e31-8980-c8ee8811b71d/element/00000000-0000-00f8-0000-001900000004/click[39m
[35m[HTTP][39m [90m{"id":"00000000-0000-00f8-0000-001900000004"}[39m
[35m[HTTP][39m [37m<-- POST /wd/hub/session/817775db-013e-4e31-8980-c8ee8811b71d/element/00000000-0000-00f8-0000-001900000004/click [39m[32m200[39m [90m57 ms - 14[39m
[35m[HTTP][39m [90m[39m
[35m[HTTP][39m [37m-->[39m [37mGET[39m [37m/wd/hub/session/817775db-013e-4e31-8980-c8ee8811b71d/source[39m
[35m[HTTP][39m [90m{}[39m
[35m[W3C (817775db)][39m Driver proxy active, passing request on via HTTP proxy
[35m[WD Proxy][39m Replacing sessionId ac5379f4-cdca-4087-99d9-fb0ea976cfd6 with 817775db-013e-4e31-8980-c8ee8811b71d
[35m[HTTP][39m [37m<-- GET /wd/hub/session/817775db-013e-4e31-8980-c8ee8811b71d/source [39m[32m200[39m [90m646 ms - 11267[39m
[35m[HTTP][39m [90m[39m
[35m[HTTP][39m [37m-->[39m [37mGET[39m [37m/wd/hub/session/817775db-013e-4e31-8980-c8ee8811b71d/screenshot[39m
[35m[HTTP][39m [90m{}[39m
[35m[HTTP][39m [37m<-- GET /wd/hub/session/817775db-013e-4e31-8980-c8ee8811b71d/screenshot [39m[32m200[39m [90m825 ms - 120392[39m
[35m[HTTP][39m [90m[39m
[35m[HTTP][39m [37m-->[39m [37mPOST[39m [37m/wd/hub/session/817775db-013e-4e31-8980-c8ee8811b71d/elements[39m
[35m[HTTP][39m [90m{"using":"xpath","value":"//*[@class = 'android.view.View' and @resource-id = '' and (@text = '' or . = '')]"}[39m
[35m[HTTP][39m [37m<-- POST /wd/hub/session/817775db-013e-4e31-8980-c8ee8811b71d/elements [39m[32m200[39m [90m343 ms - 2699[39m
[35m[HTTP][39m [90m[39m
[35m[HTTP][39m [37m-->[39m [37mPOST[39m [37m/wd/hub/session/817775db-013e-4e31-8980-c8ee8811b71d/elements[39m
[35m[HTTP][39m [90m{"using":"accessibility id","value":"Instragrams"}[39m
[35m[HTTP][39m [37m<-- POST /wd/hub/session/817775db-013e-4e31-8980-c8ee8811b71d/elements [39m[32m200[39m [90m53 ms - 139[39m
[35m[HTTP][39m [90m[39m
[35m[HTTP][39m [37m-->[39m [37mGET[39m [37m/wd/hub/session/817775db-013e-4e31-8980-c8ee8811b71d/window/rect[39m
[35m[HTTP][39m [90m{}[39m
[35m[HTTP][39m [37m<-- GET /wd/hub/session/817775db-013e-4e31-8980-c8ee8811b71d/window/rect [39m[32m200[39m [90m27 ms - 49[39m
[35m[HTTP][39m [90m[39m
[35m[HTTP][39m [37m-->[39m [37mPOST[39m [37m/wd/hub/session/817775db-013e-4e31-8980-c8ee8811b71d/elements[39m
[35m[HTTP][39m [90m{"using":"accessibility id","value":"Instragrams"}[39m
[35m[HTTP][39m [37m<-- POST /wd/hub/session/817775db-013e-4e31-8980-c8ee8811b71d/elements [39m[32m200[39m [90m53 ms - 139[39m
[35m[HTTP][39m [90m[39m
[35m[HTTP][39m [37m-->[39m [37mGET[39m [37m/wd/hub/session/817775db-013e-4e31-8980-c8ee8811b71d/element/00000000-0000-00f8-0000-014800000004/location[39m
[35m[HTTP][39m [90m{}[39m
[35m[W3C (817775db)][39m Driver proxy active, passing request on via HTTP proxy
[35m[WD Proxy][39m Replacing sessionId ac5379f4-cdca-4087-99d9-fb0ea976cfd6 with 817775db-013e-4e31-8980-c8ee8811b71d
[35m[HTTP][39m [37m<-- GET /wd/hub/session/817775db-013e-4e31-8980-c8ee8811b71d/element/00000000-0000-00f8-0000-014800000004/location [39m[32m200[39m [90m39 ms - 76[39m
[35m[HTTP][39m [90m[39m
[35m[HTTP][39m [37m-->[39m [37mPOST[39m [37m/wd/hub/session/817775db-013e-4e31-8980-c8ee8811b71d/element/00000000-0000-00f8-0000-014800000004/click[39m
[35m[HTTP][39m [90m{"id":"00000000-0000-00f8-0000-014800000004"}[39m
[35m[HTTP][39m [37m<-- POST /wd/hub/session/817775db-013e-4e31-8980-c8ee8811b71d/element/00000000-0000-00f8-0000-014800000004/click [39m[32m200[39m [90m592 ms - 14[39m
[35m[HTTP][39m [90m[39m
[35m[HTTP][39m [37m-->[39m [37mGET[39m [37m/wd/hub/session/817775db-013e-4e31-8980-c8ee8811b71d/source[39m
[35m[HTTP][39m [90m{}[39m
[35m[W3C (817775db)][39m Driver proxy active, passing request on via HTTP proxy
[35m[WD Proxy][39m Replacing sessionId ac5379f4-cdca-4087-99d9-fb0ea976cfd6 with 817775db-013e-4e31-8980-c8ee8811b71d
[35m[HTTP][39m [37m<-- GET /wd/hub/session/817775db-013e-4e31-8980-c8ee8811b71d/source [39m[32m200[39m [90m129 ms - 3963[39m
[35m[HTTP][39m [90m[39m
[35m[HTTP][39m [37m-->[39m [37mGET[39m [37m/wd/hub/session/817775db-013e-4e31-8980-c8ee8811b71d/screenshot[39m
[35m[HTTP][39m [90m{}[39m
[35m[HTTP][39m [37m<-- GET /wd/hub/session/817775db-013e-4e31-8980-c8ee8811b71d/screenshot [39m[32m200[39m [90m763 ms - 79494[39m
[35m[HTTP][39m [90m[39m
[35m[HTTP][39m [37m-->[39m [37mGET[39m [37m/wd/hub/session/817775db-013e-4e31-8980-c8ee8811b71d/source[39m
[35m[HTTP][39m [90m{}[39m
[35m[W3C (817775db)][39m Driver proxy active, passing request on via HTTP proxy
[35m[WD Proxy][39m Replacing sessionId ac5379f4-cdca-4087-99d9-fb0ea976cfd6 with 817775db-013e-4e31-8980-c8ee8811b71d
[35m[HTTP][39m [37m<-- GET /wd/hub/session/817775db-013e-4e31-8980-c8ee8811b71d/source [39m[32m200[39m [90m529 ms - 27768[39m
[35m[HTTP][39m [90m[39m
[35m[HTTP][39m [37m-->[39m [37mGET[39m [37m/wd/hub/session/817775db-013e-4e31-8980-c8ee8811b71d/screenshot[39m
[35m[HTTP][39m [90m{}[39m
[35m[HTTP][39m [37m<-- GET /wd/hub/session/817775db-013e-4e31-8980-c8ee8811b71d/screenshot [39m[32m200[39m [90m805 ms - 155906[39m
[35m[HTTP][39m [90m[39m
[35m[HTTP][39m [37m-->[39m [37mPOST[39m [37m/wd/hub/session/817775db-013e-4e31-8980-c8ee8811b71d/elements[39m
[35m[HTTP][39m [90m{"using":"xpath","value":"//*[@class = 'android.widget.Button' and @resource-id = '' and (@text = '' or . = '')]"}[39m
[35m[HTTP][39m [37m<-- POST /wd/hub/session/817775db-013e-4e31-8980-c8ee8811b71d/elements [39m[32m200[39m [90m258 ms - 523[39m
[35m[HTTP][39m [90m[39m
[35m[HTTP][39m [37m-->[39m [37mPOST[39m [37m/wd/hub/session/817775db-013e-4e31-8980-c8ee8811b71d/elements[39m
[35m[HTTP][39m [90m{"using":"-android uiautomator","value":"new UiSelector().className(\"android.widget.Button\").resourceId(\"\")"}[39m
[35m[HTTP][39m [37m<-- POST /wd/hub/session/817775db-013e-4e31-8980-c8ee8811b71d/elements [39m[32m200[39m [90m152 ms - 523[39m
[35m[HTTP][39m [90m[39m
[35m[HTTP][39m [37m-->[39m [37mGET[39m [37m/wd/hub/session/817775db-013e-4e31-8980-c8ee8811b71d/window/rect[39m
[35m[HTTP][39m [90m{}[39m
[35m[HTTP][39m [37m<-- GET /wd/hub/session/817775db-013e-4e31-8980-c8ee8811b71d/window/rect [39m[32m200[39m [90m20 ms - 49[39m
[35m[HTTP][39m [90m[39m
[35m[HTTP][39m [37m-->[39m [37mPOST[39m [37m/wd/hub/session/817775db-013e-4e31-8980-c8ee8811b71d/elements[39m
[35m[HTTP][39m [90m{"using":"xpath","value":"//hierarchy/android.widget.FrameLayout[1]/android.widget.LinearLayout[1]/android.widget.FrameLayout[1]/android.widget.FrameLayout[1]/android.widget.FrameLayout[1]/android.view.View[1]/android.view.View[1]/android.view.View[1]/android.view.View[1]/android.widget.Button[1]"}[39m
[35m[HTTP][39m [37m<-- POST /wd/hub/session/817775db-013e-4e31-8980-c8ee8811b71d/elements [39m[32m200[39m [90m246 ms - 139[39m
[35m[HTTP][39m [90m[39m
[35m[HTTP][39m [37m-->[39m [37mGET[39m [37m/wd/hub/session/817775db-013e-4e31-8980-c8ee8811b71d/element/00000000-0000-00f8-0000-01ad00000004/location[39m
[35m[HTTP][39m [90m{}[39m
[35m[W3C (817775db)][39m Driver proxy active, passing request on via HTTP proxy
[35m[WD Proxy][39m Replacing sessionId ac5379f4-cdca-4087-99d9-fb0ea976cfd6 with 817775db-013e-4e31-8980-c8ee8811b71d
[35m[HTTP][39m [37m<-- GET /wd/hub/session/817775db-013e-4e31-8980-c8ee8811b71d/element/00000000-0000-00f8-0000-01ad00000004/location [39m[32m200[39m [90m31 ms - 79[39m
[35m[HTTP][39m [90m[39m
[35m[HTTP][39m [37m-->[39m [37mPOST[39m [37m/wd/hub/session/817775db-013e-4e31-8980-c8ee8811b71d/element/00000000-0000-00f8-0000-01ad00000004/click[39m
[35m[HTTP][39m [90m{"id":"00000000-0000-00f8-0000-01ad00000004"}[39m
[35m[HTTP][39m [37m<-- POST /wd/hub/session/817775db-013e-4e31-8980-c8ee8811b71d/element/00000000-0000-00f8-0000-01ad00000004/click [39m[32m200[39m [90m601 ms - 14[39m
[35m[HTTP][39m [90m[39m
[35m[HTTP][39m [37m-->[39m [37mGET[39m [37m/wd/hub/session/817775db-013e-4e31-8980-c8ee8811b71d/source[39m
[35m[HTTP][39m [90m{}[39m
[35m[W3C (817775db)][39m Driver proxy active, passing request on via HTTP proxy
[35m[WD Proxy][39m Replacing sessionId ac5379f4-cdca-4087-99d9-fb0ea976cfd6 with 817775db-013e-4e31-8980-c8ee8811b71d
[35m[HTTP][39m [37m<-- GET /wd/hub/session/817775db-013e-4e31-8980-c8ee8811b71d/source [39m[32m200[39m [90m735 ms - 12496[39m
[35m[HTTP][39m [90m[39m
[35m[HTTP][39m [37m-->[39m [37mGET[39m [37m/wd/hub/session/817775db-013e-4e31-8980-c8ee8811b71d/screenshot[39m
[35m[HTTP][39m [90m{}[39m
[35m[HTTP][39m [37m<-- GET /wd/hub/session/817775db-013e-4e31-8980-c8ee8811b71d/screenshot [39m[32m200[39m [90m698 ms - 106200[39m
[35m[HTTP][39m [90m[39m
[35m[HTTP][39m [37m-->[39m [37mGET[39m [37m/wd/hub/session/817775db-013e-4e31-8980-c8ee8811b71d/context[39m
[35m[HTTP][39m [90m{}[39m
[35m[HTTP][39m [37m<-- GET /wd/hub/session/817775db-013e-4e31-8980-c8ee8811b71d/context [39m[32m200[39m [90m2 ms - 22[39m
[35m[HTTP][39m [90m[39m
[35m[HTTP][39m [37m-->[39m [37mGET[39m [37m/wd/hub/session/817775db-013e-4e31-8980-c8ee8811b71d/contexts[39m
[35m[HTTP][39m [90m{}[39m
[35m[HTTP][39m [37m<-- GET /wd/hub/session/817775db-013e-4e31-8980-c8ee8811b71d/contexts [39m[32m200[39m [90m166 ms - 24[39m
[35m[HTTP][39m [90m[39m
[35m[HTTP][39m [37m-->[39m [37mPOST[39m [37m/wd/hub/session/817775db-013e-4e31-8980-c8ee8811b71d/context[39m
[35m[HTTP][39m [90m{"name":"NATIVE_APP"}[39m
[35m[HTTP][39m [37m<-- POST /wd/hub/session/817775db-013e-4e31-8980-c8ee8811b71d/context [39m[32m200[39m [90m3 ms - 14[39m
[35m[HTTP][39m [90m[39m
[35m[HTTP][39m [37m-->[39m [37mPOST[39m [37m/wd/hub/session/817775db-013e-4e31-8980-c8ee8811b71d/touch/perform[39m
[35m[HTTP][39m [90m{"actions":[{"action":"press","options":{"x":360,"y":1200}},{"action":"wait","options":{"ms":500}},{"action":"moveTo","options":{"x":360,"y":800}},{"action":"release","options":{}}]}[39m
[35m[HTTP][39m [37m<-- POST /wd/hub/session/817775db-013e-4e31-8980-c8ee8811b71d/touch/perform [39m[32m200[39m [90m997 ms - 14[39m
[35m[HTTP][39m [90m[39m
[35m[HTTP][39m [37m-->[39m [37mPOST[39m [37m/wd/hub/session/817775db-013e-4e31-8980-c8ee8811b71d/context[39m
[35m[HTTP][39m [90m{"name":"NATIVE_APP"}[39m
[35m[HTTP][39m [37m<-- POST /wd/hub/session/817775db-013e-4e31-8980-c8ee8811b71d/context [39m[32m200[39m [90m1 ms - 14[39m
[35m[HTTP][39m [90m[39m
[35m[HTTP][39m [37m-->[39m [37mGET[39m [37m/wd/hub/session/817775db-013e-4e31-8980-c8ee8811b71d/source[39m
[35m[HTTP][39m [90m{}[39m
[35m[W3C (817775db)][39m Driver proxy active, passing request on via HTTP proxy
[35m[WD Proxy][39m Replacing sessionId ac5379f4-cdca-4087-99d9-fb0ea976cfd6 with 817775db-013e-4e31-8980-c8ee8811b71d
[35m[HTTP][39m [37m<-- GET /wd/hub/session/817775db-013e-4e31-8980-c8ee8811b71d/source [39m[32m200[39m [90m404 ms - 14775[39m
[35m[HTTP][39m [90m[39m
[35m[HTTP][39m [37m-->[39m [37mGET[39m [37m/wd/hub/session/817775db-013e-4e31-8980-c8ee8811b71d/screenshot[39m
[35m[HTTP][39m [90m{}[39m
[35m[HTTP][39m [37m<-- GET /wd/hub/session/817775db-013e-4e31-8980-c8ee8811b71d/screenshot [39m[32m200[39m [90m756 ms - 113072[39m
[35m[HTTP][39m [90m[39m
[35m[HTTP][39m [37m-->[39m [37mGET[39m [37m/wd/hub/session/817775db-013e-4e31-8980-c8ee8811b71d/source[39m
[35m[HTTP][39m [90m{}[39m
[35m[W3C (817775db)][39m Driver proxy active, passing request on via HTTP proxy
[35m[WD Proxy][39m Replacing sessionId ac5379f4-cdca-4087-99d9-fb0ea976cfd6 with 817775db-013e-4e31-8980-c8ee8811b71d
[35m[HTTP][39m [37m<-- GET /wd/hub/session/817775db-013e-4e31-8980-c8ee8811b71d/source [39m[32m200[39m [90m124 ms - 12496[39m
[35m[HTTP][39m [90m[39m
[35m[HTTP][39m [37m-->[39m [37mGET[39m [37m/wd/hub/session/817775db-013e-4e31-8980-c8ee8811b71d/screenshot[39m
[35m[HTTP][39m [90m{}[39m
[35m[HTTP][39m [37m<-- GET /wd/hub/session/817775db-013e-4e31-8980-c8ee8811b71d/screenshot [39m[32m200[39m [90m505 ms - 106216[39m
[35m[HTTP][39m [90m[39m
[35m[HTTP][39m [37m-->[39m [37mGET[39m [37m/wd/hub/session/817775db-013e-4e31-8980-c8ee8811b71d/context[39m
[35m[HTTP][39m [90m{}[39m
[35m[HTTP][39m [37m<-- GET /wd/hub/session/817775db-013e-4e31-8980-c8ee8811b71d/context [39m[32m200[39m [90m2 ms - 22[39m
[35m[HTTP][39m [90m[39m
[35m[HTTP][39m [37m-->[39m [37mGET[39m [37m/wd/hub/session/817775db-013e-4e31-8980-c8ee8811b71d/contexts[39m
[35m[HTTP][39m [90m{}[39m
[35m[HTTP][39m [37m<-- GET /wd/hub/session/817775db-013e-4e31-8980-c8ee8811b71d/contexts [39m[32m200[39m [90m177 ms - 24[39m
[35m[HTTP][39m [90m[39m
[35m[HTTP][39m [37m-->[39m [37mPOST[39m [37m/wd/hub/session/817775db-013e-4e31-8980-c8ee8811b71d/context[39m
[35m[HTTP][39m [90m{"name":"NATIVE_APP"}[39m
[35m[HTTP][39m [37m<-- POST /wd/hub/session/817775db-013e-4e31-8980-c8ee8811b71d/context [39m[32m200[39m [90m4 ms - 14[39m
[35m[HTTP][39m [90m[39m
[35m[HTTP][39m [37m-->[39m [37mPOST[39m [37m/wd/hub/session/817775db-013e-4e31-8980-c8ee8811b71d/touch/perform[39m
[35m[HTTP][39m [90m{"actions":[{"action":"press","options":{"x":360,"y":1200}},{"action":"wait","options":{"ms":500}},{"action":"moveTo","options":{"x":360,"y":1100}},{"action":"release","options":{}}]}[39m
[35m[HTTP][39m [37m<-- POST /wd/hub/session/817775db-013e-4e31-8980-c8ee8811b71d/touch/perform [39m[32m200[39m [90m974 ms - 14[39m
[35m[HTTP][39m [90m[39m
[35m[HTTP][39m [37m-->[39m [37mPOST[39m [37m/wd/hub/session/817775db-013e-4e31-8980-c8ee8811b71d/context[39m
[35m[HTTP][39m [90m{"name":"NATIVE_APP"}[39m
[35m[HTTP][39m [37m<-- POST /wd/hub/session/817775db-013e-4e31-8980-c8ee8811b71d/context [39m[32m200[39m [90m2 ms - 14[39m
[35m[HTTP][39m [90m[39m
[35m[HTTP][39m [37m-->[39m [37mGET[39m [37m/wd/hub/session/817775db-013e-4e31-8980-c8ee8811b71d/source[39m
[35m[HTTP][39m [90m{}[39m
[35m[W3C (817775db)][39m Driver proxy active, passing request on via HTTP proxy
[35m[WD Proxy][39m Replacing sessionId ac5379f4-cdca-4087-99d9-fb0ea976cfd6 with 817775db-013e-4e31-8980-c8ee8811b71d
[35m[HTTP][39m [37m<-- GET /wd/hub/session/817775db-013e-4e31-8980-c8ee8811b71d/source [39m[32m200[39m [90m269 ms - 12069[39m
[35m[HTTP][39m [90m[39m
[35m[HTTP][39m [37m-->[39m [37mGET[39m [37m/wd/hub/session/817775db-013e-4e31-8980-c8ee8811b71d/screenshot[39m
[35m[HTTP][39m [90m{}[39m
[35m[HTTP][39m [37m<-- GET /wd/hub/session/817775db-013e-4e31-8980-c8ee8811b71d/screenshot [39m[32m200[39m [90m708 ms - 103404[39m
[35m[HTTP][39m [90m[39m
[35m[HTTP][39m [37m-->[39m [37mGET[39m [37m/wd/hub/session/817775db-013e-4e31-8980-c8ee8811b71d/context[39m
[35m[HTTP][39m [90m{}[39m
[35m[HTTP][39m [37m<-- GET /wd/hub/session/817775db-013e-4e31-8980-c8ee8811b71d/context [39m[32m200[39m [90m2 ms - 22[39m
[35m[HTTP][39m [90m[39m
[35m[HTTP][39m [37m-->[39m [37mGET[39m [37m/wd/hub/session/817775db-013e-4e31-8980-c8ee8811b71d/contexts[39m
[35m[HTTP][39m [90m{}[39m
[35m[HTTP][39m [37m<-- GET /wd/hub/session/817775db-013e-4e31-8980-c8ee8811b71d/contexts [39m[32m200[39m [90m164 ms - 24[39m
[35m[HTTP][39m [90m[39m
[35m[HTTP][39m [37m-->[39m [37mPOST[39m [37m/wd/hub/session/817775db-013e-4e31-8980-c8ee8811b71d/context[39m
[35m[HTTP][39m [90m{"name":"NATIVE_APP"}[39m
[35m[HTTP][39m [37m<-- POST /wd/hub/session/817775db-013e-4e31-8980-c8ee8811b71d/context [39m[32m200[39m [90m1 ms - 14[39m
[35m[HTTP][39m [90m[39m
[35m[HTTP][39m [37m-->[39m [37mPOST[39m [37m/wd/hub/session/817775db-013e-4e31-8980-c8ee8811b71d/touch/perform[39m
[35m[HTTP][39m [90m{"actions":[{"action":"press","options":{"x":360,"y":1050}},{"action":"wait","options":{"ms":500}},{"action":"moveTo","options":{"x":360,"y":0}},{"action":"release","options":{}}]}[39m
[35m[HTTP][39m [37m<-- POST /wd/hub/session/817775db-013e-4e31-8980-c8ee8811b71d/touch/perform [39m[32m200[39m [90m981 ms - 14[39m
[35m[HTTP][39m [90m[39m
[35m[HTTP][39m [37m-->[39m [37mPOST[39m [37m/wd/hub/session/817775db-013e-4e31-8980-c8ee8811b71d/context[39m
[35m[HTTP][39m [90m{"name":"NATIVE_APP"}[39m
[35m[HTTP][39m [37m<-- POST /wd/hub/session/817775db-013e-4e31-8980-c8ee8811b71d/context [39m[32m200[39m [90m1 ms - 14[39m
[35m[HTTP][39m [90m[39m
[35m[HTTP][39m [37m-->[39m [37mGET[39m [37m/wd/hub/session/817775db-013e-4e31-8980-c8ee8811b71d/source[39m
[35m[HTTP][39m [90m{}[39m
[35m[W3C (817775db)][39m Driver proxy active, passing request on via HTTP proxy
[35m[WD Proxy][39m Replacing sessionId ac5379f4-cdca-4087-99d9-fb0ea976cfd6 with 817775db-013e-4e31-8980-c8ee8811b71d
[35m[HTTP][39m [37m<-- GET /wd/hub/session/817775db-013e-4e31-8980-c8ee8811b71d/source [39m[32m200[39m [90m98 ms - 12495[39m
[35m[HTTP][39m [90m[39m
[35m[HTTP][39m [37m-->[39m [37mGET[39m [37m/wd/hub/session/817775db-013e-4e31-8980-c8ee8811b71d/screenshot[39m
[35m[HTTP][39m [90m{}[39m
[35m[HTTP][39m [37m<-- GET /wd/hub/session/817775db-013e-4e31-8980-c8ee8811b71d/screenshot [39m[32m200[39m [90m475 ms - 106240[39m
[35m[HTTP][39m [90m[39m
[35m[HTTP][39m [37m-->[39m [37mGET[39m [37m/wd/hub/session/817775db-013e-4e31-8980-c8ee8811b71d/source[39m
[35m[HTTP][39m [90m{}[39m
[35m[W3C (817775db)][39m Driver proxy active, passing request on via HTTP proxy
[35m[WD Proxy][39m Replacing sessionId ac5379f4-cdca-4087-99d9-fb0ea976cfd6 with 817775db-013e-4e31-8980-c8ee8811b71d
[35m[HTTP][39m [37m<-- GET /wd/hub/session/817775db-013e-4e31-8980-c8ee8811b71d/source [39m[32m200[39m [90m341 ms - 12495[39m
[35m[HTTP][39m [90m[39m
[35m[HTTP][39m [37m-->[39m [37mGET[39m [37m/wd/hub/session/817775db-013e-4e31-8980-c8ee8811b71d/screenshot[39m
[35m[HTTP][39m [90m{}[39m
[35m[HTTP][39m [37m<-- GET /wd/hub/session/817775db-013e-4e31-8980-c8ee8811b71d/screenshot [39m[32m200[39m [90m797 ms - 106166[39m
[35m[HTTP][39m [90m[39m
[35m[HTTP][39m [37m-->[39m [37mGET[39m [37m/wd/hub/session/817775db-013e-4e31-8980-c8ee8811b71d/context[39m
[35m[HTTP][39m [90m{}[39m
[35m[HTTP][39m [37m<-- GET /wd/hub/session/817775db-013e-4e31-8980-c8ee8811b71d/context [39m[32m200[39m [90m2 ms - 22[39m
[35m[HTTP][39m [90m[39m
[35m[HTTP][39m [37m-->[39m [37mGET[39m [37m/wd/hub/session/817775db-013e-4e31-8980-c8ee8811b71d/contexts[39m
[35m[HTTP][39m [90m{}[39m
[35m[HTTP][39m [37m<-- GET /wd/hub/session/817775db-013e-4e31-8980-c8ee8811b71d/contexts [39m[32m200[39m [90m140 ms - 24[39m
[35m[HTTP][39m [90m[39m
[35m[HTTP][39m [37m-->[39m [37mPOST[39m [37m/wd/hub/session/817775db-013e-4e31-8980-c8ee8811b71d/context[39m
[35m[HTTP][39m [90m{"name":"NATIVE_APP"}[39m
[35m[HTTP][39m [37m<-- POST /wd/hub/session/817775db-013e-4e31-8980-c8ee8811b71d/context [39m[32m200[39m [90m2 ms - 14[39m
[35m[HTTP][39m [90m[39m
[35m[HTTP][39m [37m-->[39m [37mPOST[39m [37m/wd/hub/session/817775db-013e-4e31-8980-c8ee8811b71d/touch/perform[39m
[35m[HTTP][39m [90m{"actions":[{"action":"press","options":{"x":360,"y":1050}},{"action":"wait","options":{"ms":500}},{"action":"moveTo","options":{"x":360,"y":0}},{"action":"release","options":{}}]}[39m
[35m[HTTP][39m [37m<-- POST /wd/hub/session/817775db-013e-4e31-8980-c8ee8811b71d/touch/perform [39m[32m200[39m [90m967 ms - 14[39m
[35m[HTTP][39m [90m[39m
[35m[HTTP][39m [37m-->[39m [37mPOST[39m [37m/wd/hub/session/817775db-013e-4e31-8980-c8ee8811b71d/context[39m
[35m[HTTP][39m [90m{"name":"NATIVE_APP"}[39m
[35m[HTTP][39m [37m<-- POST /wd/hub/session/817775db-013e-4e31-8980-c8ee8811b71d/context [39m[32m200[39m [90m1 ms - 14[39m
[35m[HTTP][39m [90m[39m
[35m[HTTP][39m [37m-->[39m [37mGET[39m [37m/wd/hub/session/817775db-013e-4e31-8980-c8ee8811b71d/source[39m
[35m[HTTP][39m [90m{}[39m
[35m[W3C (817775db)][39m Driver proxy active, passing request on via HTTP proxy
[35m[WD Proxy][39m Replacing sessionId ac5379f4-cdca-4087-99d9-fb0ea976cfd6 with 817775db-013e-4e31-8980-c8ee8811b71d
[35m[HTTP][39m [37m<-- GET /wd/hub/session/817775db-013e-4e31-8980-c8ee8811b71d/source [39m[32m200[39m [90m247 ms - 15329[39m
[35m[HTTP][39m [90m[39m
[35m[HTTP][39m [37m-->[39m [37mGET[39m [37m/wd/hub/session/817775db-013e-4e31-8980-c8ee8811b71d/screenshot[39m
[35m[HTTP][39m [90m{}[39m
[35m[HTTP][39m [37m<-- GET /wd/hub/session/817775db-013e-4e31-8980-c8ee8811b71d/screenshot [39m[32m200[39m [90m784 ms - 107694[39m
[35m[HTTP][39m [90m[39m
[35m[HTTP][39m [37m-->[39m [37mGET[39m [37m/wd/hub/session/817775db-013e-4e31-8980-c8ee8811b71d/source[39m
[35m[HTTP][39m [90m{}[39m
[35m[W3C (817775db)][39m Driver proxy active, passing request on via HTTP proxy
[35m[WD Proxy][39m Replacing sessionId ac5379f4-cdca-4087-99d9-fb0ea976cfd6 with 817775db-013e-4e31-8980-c8ee8811b71d
[35m[HTTP][39m [37m<-- GET /wd/hub/session/817775db-013e-4e31-8980-c8ee8811b71d/source [39m[32m200[39m [90m424 ms - 15329[39m
[35m[HTTP][39m [90m[39m
[35m[HTTP][39m [37m-->[39m [37mGET[39m [37m/wd/hub/session/817775db-013e-4e31-8980-c8ee8811b71d/screenshot[39m
[35m[HTTP][39m [90m{}[39m
[35m[HTTP][39m [37m<-- GET /wd/hub/session/817775db-013e-4e31-8980-c8ee8811b71d/screenshot [39m[32m200[39m [90m816 ms - 107062[39m
[35m[HTTP][39m [90m[39m
[35m[HTTP][39m [37m-->[39m [37mPOST[39m [37m/wd/hub/session/817775db-013e-4e31-8980-c8ee8811b71d/elements[39m
[35m[HTTP][39m [90m{"using":"xpath","value":"//*[@class = 'android.widget.Button' and @resource-id = '' and (@text = '' or . = '')]"}[39m
[35m[HTTP][39m [37m<-- POST /wd/hub/session/817775db-013e-4e31-8980-c8ee8811b71d/elements [39m[32m200[39m [90m287 ms - 907[39m
[35m[HTTP][39m [90m[39m
[35m[HTTP][39m [37m-->[39m [37mPOST[39m [37m/wd/hub/session/817775db-013e-4e31-8980-c8ee8811b71d/elements[39m
[35m[HTTP][39m [90m{"using":"accessibility id","value":"Save"}[39m
[35m[HTTP][39m [37m<-- POST /wd/hub/session/817775db-013e-4e31-8980-c8ee8811b71d/elements [39m[32m200[39m [90m62 ms - 139[39m
[35m[HTTP][39m [90m[39m
[35m[HTTP][39m [37m-->[39m [37mGET[39m [37m/wd/hub/session/817775db-013e-4e31-8980-c8ee8811b71d/window/rect[39m
[35m[HTTP][39m [90m{}[39m
[35m[HTTP][39m [37m<-- GET /wd/hub/session/817775db-013e-4e31-8980-c8ee8811b71d/window/rect [39m[32m200[39m [90m34 ms - 49[39m
[35m[HTTP][39m [90m[39m
[35m[HTTP][39m [37m-->[39m [37mPOST[39m [37m/wd/hub/session/817775db-013e-4e31-8980-c8ee8811b71d/elements[39m
[35m[HTTP][39m [90m{"using":"accessibility id","value":"Save"}[39m
[35m[HTTP][39m [37m<-- POST /wd/hub/session/817775db-013e-4e31-8980-c8ee8811b71d/elements [39m[32m200[39m [90m60 ms - 139[39m
[35m[HTTP][39m [90m[39m
[35m[HTTP][39m [37m-->[39m [37mGET[39m [37m/wd/hub/session/817775db-013e-4e31-8980-c8ee8811b71d/element/00000000-0000-00f8-0000-01c800000004/location[39m
[35m[HTTP][39m [90m{}[39m
[35m[W3C (817775db)][39m Driver proxy active, passing request on via HTTP proxy
[35m[WD Proxy][39m Replacing sessionId ac5379f4-cdca-4087-99d9-fb0ea976cfd6 with 817775db-013e-4e31-8980-c8ee8811b71d
[35m[HTTP][39m [37m<-- GET /wd/hub/session/817775db-013e-4e31-8980-c8ee8811b71d/element/00000000-0000-00f8-0000-01c800000004/location [39m[32m200[39m [90m51 ms - 77[39m
[35m[HTTP][39m [90m[39m
[35m[HTTP][39m [37m-->[39m [37mPOST[39m [37m/wd/hub/session/817775db-013e-4e31-8980-c8ee8811b71d/element/00000000-0000-00f8-0000-01c800000004/click[39m
[35m[HTTP][39m [90m{"id":"00000000-0000-00f8-0000-01c800000004"}[39m
[35m[HTTP][39m [37m<-- POST /wd/hub/session/817775db-013e-4e31-8980-c8ee8811b71d/element/00000000-0000-00f8-0000-01c800000004/click [39m[32m200[39m [90m75 ms - 14[39m
[35m[HTTP][39m [90m[39m
[35m[HTTP][39m [37m-->[39m [37mGET[39m [37m/wd/hub/session/817775db-013e-4e31-8980-c8ee8811b71d/source[39m
[35m[HTTP][39m [90m{}[39m
[35m[W3C (817775db)][39m Driver proxy active, passing request on via HTTP proxy
[35m[WD Proxy][39m Replacing sessionId ac5379f4-cdca-4087-99d9-fb0ea976cfd6 with 817775db-013e-4e31-8980-c8ee8811b71d
[35m[HTTP][39m [37m<-- GET /wd/hub/session/817775db-013e-4e31-8980-c8ee8811b71d/source [39m[32m200[39m [90m130 ms - 3963[39m
[35m[HTTP][39m [90m[39m
[35m[HTTP][39m [37m-->[39m [37mGET[39m [37m/wd/hub/session/817775db-013e-4e31-8980-c8ee8811b71d/screenshot[39m
[35m[HTTP][39m [90m{}[39m
[35m[HTTP][39m [37m<-- GET /wd/hub/session/817775db-013e-4e31-8980-c8ee8811b71d/screenshot [39m[32m200[39m [90m616 ms - 176810[39m
[35m[HTTP][39m [90m[39m
[35m[HTTP][39m [37m-->[39m [37mGET[39m [37m/wd/hub/session/817775db-013e-4e31-8980-c8ee8811b71d/context[39m
[35m[HTTP][39m [90m{}[39m
[35m[HTTP][39m [37m<-- GET /wd/hub/session/817775db-013e-4e31-8980-c8ee8811b71d/context [39m[32m200[39m [90m2 ms - 22[39m
[35m[HTTP][39m [90m[39m
[35m[HTTP][39m [37m-->[39m [37mGET[39m [37m/wd/hub/session/817775db-013e-4e31-8980-c8ee8811b71d/contexts[39m
[35m[HTTP][39m [90m{}[39m
[35m[HTTP][39m [37m<-- GET /wd/hub/session/817775db-013e-4e31-8980-c8ee8811b71d/contexts [39m[32m200[39m [90m203 ms - 24[39m
[35m[HTTP][39m [90m[39m
[35m[HTTP][39m [37m-->[39m [37mPOST[39m [37m/wd/hub/session/817775db-013e-4e31-8980-c8ee8811b71d/context[39m
[35m[HTTP][39m [90m{"name":"NATIVE_APP"}[39m
[35m[HTTP][39m [37m<-- POST /wd/hub/session/817775db-013e-4e31-8980-c8ee8811b71d/context [39m[32m200[39m [90m2 ms - 14[39m
[35m[HTTP][39m [90m[39m
[35m[HTTP][39m [37m-->[39m [37mPOST[39m [37m/wd/hub/session/817775db-013e-4e31-8980-c8ee8811b71d/appium/device/hide_keyboard[39m
[35m[HTTP][39m [90m{}[39m
[35m[ADB][39m Keyboard has no UI; no closing necessary
[35m[HTTP][39m [37m<-- POST /wd/hub/session/817775db-013e-4e31-8980-c8ee8811b71d/appium/device/hide_keyboard [39m[32m200[39m [90m1965 ms - 15[39m
[35m[HTTP][39m [90m[39m
[35m[HTTP][39m [37m-->[39m [37mPOST[39m [37m/wd/hub/session/817775db-013e-4e31-8980-c8ee8811b71d/context[39m
[35m[HTTP][39m [90m{"name":"NATIVE_APP"}[39m
[35m[HTTP][39m [37m<-- POST /wd/hub/session/817775db-013e-4e31-8980-c8ee8811b71d/context [39m[32m200[39m [90m1 ms - 14[39m
[35m[HTTP][39m [90m[39m
[35m[HTTP][39m [37m-->[39m [37mGET[39m [37m/wd/hub/session/817775db-013e-4e31-8980-c8ee8811b71d/source[39m
[35m[HTTP][39m [90m{}[39m
[35m[W3C (817775db)][39m Driver proxy active, passing request on via HTTP proxy
[35m[WD Proxy][39m Replacing sessionId ac5379f4-cdca-4087-99d9-fb0ea976cfd6 with 817775db-013e-4e31-8980-c8ee8811b71d
[35m[HTTP][39m [37m<-- GET /wd/hub/session/817775db-013e-4e31-8980-c8ee8811b71d/source [39m[32m200[39m [90m457 ms - 27768[39m
[35m[HTTP][39m [90m[39m
[35m[HTTP][39m [37m-->[39m [37mGET[39m [37m/wd/hub/session/817775db-013e-4e31-8980-c8ee8811b71d/screenshot[39m
[35m[HTTP][39m [90m{}[39m
[35m[HTTP][39m [37m<-- GET /wd/hub/session/817775db-013e-4e31-8980-c8ee8811b71d/screenshot [39m[32m200[39m [90m1012 ms - 154670[39m
[35m[HTTP][39m [90m[39m
[35m[HTTP][39m [37m-->[39m [37mPOST[39m [37m/wd/hub/session/817775db-013e-4e31-8980-c8ee8811b71d/elements[39m
[35m[HTTP][39m [90m{"using":"xpath","value":"//*[@class = 'android.view.View' and @resource-id = '' and (@text = '' or . = '')]"}[39m
[35m[HTTP][39m [37m<-- POST /wd/hub/session/817775db-013e-4e31-8980-c8ee8811b71d/elements [39m[32m200[39m [90m392 ms - 7179[39m
[35m[HTTP][39m [90m[39m
[35m[HTTP][39m [37m-->[39m [37mPOST[39m [37m/wd/hub/session/817775db-013e-4e31-8980-c8ee8811b71d/elements[39m
[35m[HTTP][39m [90m{"using":"accessibility id","value":"R\nRamesh\nRE25\n 1 sec Ago\ntry"}[39m
[35m[HTTP][39m [37m<-- POST /wd/hub/session/817775db-013e-4e31-8980-c8ee8811b71d/elements [39m[32m200[39m [90m73 ms - 139[39m
[35m[HTTP][39m [90m[39m
[35m[HTTP][39m [37m-->[39m [37mGET[39m [37m/wd/hub/session/817775db-013e-4e31-8980-c8ee8811b71d/window/rect[39m
[35m[HTTP][39m [90m{}[39m
[35m[HTTP][39m [37m<-- GET /wd/hub/session/817775db-013e-4e31-8980-c8ee8811b71d/window/rect [39m[32m200[39m [90m28 ms - 49[39m
[35m[HTTP][39m [90m[39m
[35m[HTTP][39m [37m-->[39m [37mPOST[39m [37m/wd/hub/session/817775db-013e-4e31-8980-c8ee8811b71d/elements[39m
[35m[HTTP][39m [90m{"using":"accessibility id","value":"R\nRamesh\nRE25\n 1 sec Ago\ntry"}[39m
[35m[HTTP][39m [37m<-- POST /wd/hub/session/817775db-013e-4e31-8980-c8ee8811b71d/elements [39m[32m200[39m [90m83 ms - 139[39m
[35m[HTTP][39m [90m[39m
[35m[HTTP][39m [37m-->[39m [37mGET[39m [37m/wd/hub/session/817775db-013e-4e31-8980-c8ee8811b71d/element/00000000-0000-00f8-0000-015d00000004/location[39m
[35m[HTTP][39m [90m{}[39m
[35m[W3C (817775db)][39m Driver proxy active, passing request on via HTTP proxy
[35m[WD Proxy][39m Replacing sessionId ac5379f4-cdca-4087-99d9-fb0ea976cfd6 with 817775db-013e-4e31-8980-c8ee8811b71d
[35m[HTTP][39m [37m<-- GET /wd/hub/session/817775db-013e-4e31-8980-c8ee8811b71d/element/00000000-0000-00f8-0000-015d00000004/location [39m[32m200[39m [90m31 ms - 77[39m
[35m[HTTP][39m [90m[39m
[35m[HTTP][39m [37m-->[39m [37mPOST[39m [37m/wd/hub/session/817775db-013e-4e31-8980-c8ee8811b71d/element/00000000-0000-00f8-0000-015d00000004/click[39m
[35m[HTTP][39m [90m{"id":"00000000-0000-00f8-0000-015d00000004"}[39m
[35m[HTTP][39m [37m<-- POST /wd/hub/session/817775db-013e-4e31-8980-c8ee8811b71d/element/00000000-0000-00f8-0000-015d00000004/click [39m[32m200[39m [90m582 ms - 14[39m
[35m[HTTP][39m [90m[39m
[35m[HTTP][39m [37m-->[39m [37mGET[39m [37m/wd/hub/session/817775db-013e-4e31-8980-c8ee8811b71d/source[39m
[35m[HTTP][39m [90m{}[39m
[35m[W3C (817775db)][39m Driver proxy active, passing request on via HTTP proxy
[35m[WD Proxy][39m Replacing sessionId ac5379f4-cdca-4087-99d9-fb0ea976cfd6 with 817775db-013e-4e31-8980-c8ee8811b71d
[35m[HTTP][39m [37m<-- GET /wd/hub/session/817775db-013e-4e31-8980-c8ee8811b71d/source [39m[32m200[39m [90m1293 ms - 26767[39m
[35m[HTTP][39m [90m[39m
[35m[HTTP][39m [37m-->[39m [37mGET[39m [37m/wd/hub/session/817775db-013e-4e31-8980-c8ee8811b71d/screenshot[39m
[35m[HTTP][39m [90m{}[39m
[35m[HTTP][39m [37m<-- GET /wd/hub/session/817775db-013e-4e31-8980-c8ee8811b71d/screenshot [39m[32m200[39m [90m839 ms - 165796[39m
[35m[HTTP][39m [90m[39m
[35m[HTTP][39m [37m-->[39m [37mPOST[39m [37m/wd/hub/session/817775db-013e-4e31-8980-c8ee8811b71d/elements[39m
[35m[HTTP][39m [90m{"using":"xpath","value":"//*[@class = 'android.view.View' and @resource-id = '' and (@text = '' or . = '')]"}[39m
[35m[HTTP][39m [37m<-- POST /wd/hub/session/817775db-013e-4e31-8980-c8ee8811b71d/elements [39m[32m200[39m [90m439 ms - 6411[39m
[35m[HTTP][39m [90m[39m
[35m[HTTP][39m [37m-->[39m [37mPOST[39m [37m/wd/hub/session/817775db-013e-4e31-8980-c8ee8811b71d/elements[39m
[35m[HTTP][39m [90m{"using":"accessibility id","value":"Rsoft IT"}[39m
[35m[HTTP][39m [37m<-- POST /wd/hub/session/817775db-013e-4e31-8980-c8ee8811b71d/elements [39m[32m200[39m [90m94 ms - 139[39m
[35m[HTTP][39m [90m[39m
[35m[HTTP][39m [37m-->[39m [37mGET[39m [37m/wd/hub/session/817775db-013e-4e31-8980-c8ee8811b71d/window/rect[39m
[35m[HTTP][39m [90m{}[39m
[35m[HTTP][39m [37m<-- GET /wd/hub/session/817775db-013e-4e31-8980-c8ee8811b71d/window/rect [39m[32m200[39m [90m21 ms - 49[39m
[35m[HTTP][39m [90m[39m
[35m[HTTP][39m [37m-->[39m [37mPOST[39m [37m/wd/hub/session/817775db-013e-4e31-8980-c8ee8811b71d/elements[39m
[35m[HTTP][39m [90m{"using":"accessibility id","value":"Rsoft IT"}[39m
[35m[HTTP][39m [37m<-- POST /wd/hub/session/817775db-013e-4e31-8980-c8ee8811b71d/elements [39m[32m200[39m [90m93 ms - 139[39m
[35m[HTTP][39m [90m[39m
[35m[HTTP][39m [37m-->[39m [37mGET[39m [37m/wd/hub/session/817775db-013e-4e31-8980-c8ee8811b71d/element/00000000-0000-00f8-0000-022500000004/location[39m
[35m[HTTP][39m [90m{}[39m
[35m[W3C (817775db)][39m Driver proxy active, passing request on via HTTP proxy
[35m[WD Proxy][39m Replacing sessionId ac5379f4-cdca-4087-99d9-fb0ea976cfd6 with 817775db-013e-4e31-8980-c8ee8811b71d
[35m[HTTP][39m [37m<-- GET /wd/hub/session/817775db-013e-4e31-8980-c8ee8811b71d/element/00000000-0000-00f8-0000-022500000004/location [39m[32m200[39m [90m29 ms - 78[39m
[35m[HTTP][39m [90m[39m
[35m[HTTP][39m [37m-->[39m [37mGET[39m [37m/wd/hub/session/817775db-013e-4e31-8980-c8ee8811b71d/element/00000000-0000-00f8-0000-022500000004/text[39m
[35m[HTTP][39m [90m{}[39m
[35m[W3C (817775db)][39m Driver proxy active, passing request on via HTTP proxy
[35m[WD Proxy][39m Replacing sessionId ac5379f4-cdca-4087-99d9-fb0ea976cfd6 with 817775db-013e-4e31-8980-c8ee8811b71d
[35m[HTTP][39m [37m<-- GET /wd/hub/session/817775db-013e-4e31-8980-c8ee8811b71d/element/00000000-0000-00f8-0000-022500000004/text [39m[32m200[39m [90m23 ms - 63[39m
[35m[HTTP][39m [90m[39m
[35m[HTTP][39m [37m-->[39m [37mPOST[39m [37m/wd/hub/session/817775db-013e-4e31-8980-c8ee8811b71d/elements[39m
[35m[HTTP][39m [90m{"using":"xpath","value":"//*[@class = 'android.widget.Button' and @resource-id = '' and (@text = '' or . = '')]"}[39m
[35m[HTTP][39m [37m<-- POST /wd/hub/session/817775db-013e-4e31-8980-c8ee8811b71d/elements [39m[32m200[39m [90m397 ms - 523[39m
[35m[HTTP][39m [90m[39m
[35m[HTTP][39m [37m-->[39m [37mPOST[39m [37m/wd/hub/session/817775db-013e-4e31-8980-c8ee8811b71d/elements[39m
[35m[HTTP][39m [90m{"using":"-android uiautomator","value":"new UiSelector().className(\"android.widget.Button\").resourceId(\"\")"}[39m
[35m[HTTP][39m [37m<-- POST /wd/hub/session/817775db-013e-4e31-8980-c8ee8811b71d/elements [39m[32m200[39m [90m128 ms - 523[39m
[35m[HTTP][39m [90m[39m
[35m[HTTP][39m [37m-->[39m [37mGET[39m [37m/wd/hub/session/817775db-013e-4e31-8980-c8ee8811b71d/window/rect[39m
[35m[HTTP][39m [90m{}[39m
[35m[HTTP][39m [37m<-- GET /wd/hub/session/817775db-013e-4e31-8980-c8ee8811b71d/window/rect [39m[32m200[39m [90m16 ms - 49[39m
[35m[HTTP][39m [90m[39m
[35m[HTTP][39m [37m-->[39m [37mPOST[39m [37m/wd/hub/session/817775db-013e-4e31-8980-c8ee8811b71d/elements[39m
[35m[HTTP][39m [90m{"using":"xpath","value":"//hierarchy/android.widget.FrameLayout[1]/android.widget.LinearLayout[1]/android.widget.FrameLayout[1]/android.widget.FrameLayout[1]/android.widget.FrameLayout[1]/android.view.View[1]/android.view.View[1]/android.view.View[1]/android.view.View[1]/android.view.View[1]/android.view.View[1]/android.widget.Button[1]"}[39m
[35m[HTTP][39m [37m<-- POST /wd/hub/session/817775db-013e-4e31-8980-c8ee8811b71d/elements [39m[32m200[39m [90m223 ms - 139[39m
[35m[HTTP][39m [90m[39m
[35m[HTTP][39m [37m-->[39m [37mGET[39m [37m/wd/hub/session/817775db-013e-4e31-8980-c8ee8811b71d/element/00000000-0000-00f8-0000-024d00000004/location[39m
[35m[HTTP][39m [90m{}[39m
[35m[W3C (817775db)][39m Driver proxy active, passing request on via HTTP proxy
[35m[WD Proxy][39m Replacing sessionId ac5379f4-cdca-4087-99d9-fb0ea976cfd6 with 817775db-013e-4e31-8980-c8ee8811b71d
[35m[HTTP][39m [37m<-- GET /wd/hub/session/817775db-013e-4e31-8980-c8ee8811b71d/element/00000000-0000-00f8-0000-024d00000004/location [39m[32m200[39m [90m27 ms - 75[39m
[35m[HTTP][39m [90m[39m
[35m[HTTP][39m [37m-->[39m [37mPOST[39m [37m/wd/hub/session/817775db-013e-4e31-8980-c8ee8811b71d/element/00000000-0000-00f8-0000-024d00000004/click[39m
[35m[HTTP][39m [90m{"id":"00000000-0000-00f8-0000-024d00000004"}[39m
[35m[HTTP][39m [37m<-- POST /wd/hub/session/817775db-013e-4e31-8980-c8ee8811b71d/element/00000000-0000-00f8-0000-024d00000004/click [39m[32m200[39m [90m905 ms - 14[39m
[35m[HTTP][39m [90m[39m
[35m[HTTP][39m [37m-->[39m [37mGET[39m [37m/wd/hub/session/817775db-013e-4e31-8980-c8ee8811b71d/source[39m
[35m[HTTP][39m [90m{}[39m
[35m[W3C (817775db)][39m Driver proxy active, passing request on via HTTP proxy
[35m[WD Proxy][39m Replacing sessionId ac5379f4-cdca-4087-99d9-fb0ea976cfd6 with 817775db-013e-4e31-8980-c8ee8811b71d
[35m[HTTP][39m [37m<-- GET /wd/hub/session/817775db-013e-4e31-8980-c8ee8811b71d/source [39m[32m200[39m [90m719 ms - 27768[39m
[35m[HTTP][39m [90m[39m
[35m[HTTP][39m [37m-->[39m [37mGET[39m [37m/wd/hub/session/817775db-013e-4e31-8980-c8ee8811b71d/screenshot[39m
[35m[HTTP][39m [90m{}[39m
[35m[HTTP][39m [37m<-- GET /wd/hub/session/817775db-013e-4e31-8980-c8ee8811b71d/screenshot [39m[32m200[39m [90m885 ms - 160224[39m
[35m[HTTP][39m [90m[39m
[35m[HTTP][39m [37m-->[39m [37mPOST[39m [37m/wd/hub/session/817775db-013e-4e31-8980-c8ee8811b71d/elements[39m
[35m[HTTP][39m [90m{"using":"xpath","value":"//*[@class = 'android.widget.Button' and @resource-id = '' and (@text = '' or . = '')]"}[39m
[35m[HTTP][39m [37m<-- POST /wd/hub/session/817775db-013e-4e31-8980-c8ee8811b71d/elements [39m[32m200[39m [90m355 ms - 523[39m
[35m[HTTP][39m [90m[39m
[35m[HTTP][39m [37m-->[39m [37mPOST[39m [37m/wd/hub/session/817775db-013e-4e31-8980-c8ee8811b71d/elements[39m
[35m[HTTP][39m [90m{"using":"-android uiautomator","value":"new UiSelector().className(\"android.widget.Button\").resourceId(\"\")"}[39m
[35m[HTTP][39m [37m<-- POST /wd/hub/session/817775db-013e-4e31-8980-c8ee8811b71d/elements [39m[32m200[39m [90m146 ms - 523[39m
[35m[HTTP][39m [90m[39m
[35m[HTTP][39m [37m-->[39m [37mGET[39m [37m/wd/hub/session/817775db-013e-4e31-8980-c8ee8811b71d/window/rect[39m
[35m[HTTP][39m [90m{}[39m
[35m[HTTP][39m [37m<-- GET /wd/hub/session/817775db-013e-4e31-8980-c8ee8811b71d/window/rect [39m[32m200[39m [90m29 ms - 49[39m
[35m[HTTP][39m [90m[39m
[35m[HTTP][39m [37m-->[39m [37mPOST[39m [37m/wd/hub/session/817775db-013e-4e31-8980-c8ee8811b71d/elements[39m
[35m[HTTP][39m [90m{"using":"xpath","value":"//hierarchy/android.widget.FrameLayout[1]/android.widget.LinearLayout[1]/android.widget.FrameLayout[1]/android.widget.FrameLayout[1]/android.widget.FrameLayout[1]/android.view.View[1]/android.view.View[1]/android.view.View[1]/android.view.View[1]/android.widget.Button[1]"}[39m
[35m[HTTP][39m [37m<-- POST /wd/hub/session/817775db-013e-4e31-8980-c8ee8811b71d/elements [39m[32m200[39m [90m232 ms - 139[39m
[35m[HTTP][39m [90m[39m
[35m[HTTP][39m [37m-->[39m [37mGET[39m [37m/wd/hub/session/817775db-013e-4e31-8980-c8ee8811b71d/element/00000000-0000-00f8-0000-01ad00000004/location[39m
[35m[HTTP][39m [90m{}[39m
[35m[W3C (817775db)][39m Driver proxy active, passing request on via HTTP proxy
[35m[WD Proxy][39m Replacing sessionId ac5379f4-cdca-4087-99d9-fb0ea976cfd6 with 817775db-013e-4e31-8980-c8ee8811b71d
[35m[HTTP][39m [37m<-- GET /wd/hub/session/817775db-013e-4e31-8980-c8ee8811b71d/element/00000000-0000-00f8-0000-01ad00000004/location [39m[32m200[39m [90m25 ms - 79[39m
[35m[HTTP][39m [90m[39m
[35m[HTTP][39m [37m-->[39m [37mPOST[39m [37m/wd/hub/session/817775db-013e-4e31-8980-c8ee8811b71d/element/00000000-0000-00f8-0000-01ad00000004/click[39m
[35m[HTTP][39m [90m{"id":"00000000-0000-00f8-0000-01ad00000004"}[39m
[35m[HTTP][39m [37m<-- POST /wd/hub/session/817775db-013e-4e31-8980-c8ee8811b71d/element/00000000-0000-00f8-0000-01ad00000004/click [39m[32m200[39m [90m583 ms - 14[39m
[35m[HTTP][39m [90m[39m
[35m[HTTP][39m [37m-->[39m [37mGET[39m [37m/wd/hub/session/817775db-013e-4e31-8980-c8ee8811b71d/source[39m
[35m[HTTP][39m [90m{}[39m
[35m[W3C (817775db)][39m Driver proxy active, passing request on via HTTP proxy
[35m[WD Proxy][39m Replacing sessionId ac5379f4-cdca-4087-99d9-fb0ea976cfd6 with 817775db-013e-4e31-8980-c8ee8811b71d
[35m[HTTP][39m [37m<-- GET /wd/hub/session/817775db-013e-4e31-8980-c8ee8811b71d/source [39m[32m200[39m [90m773 ms - 12496[39m
[35m[HTTP][39m [90m[39m
[35m[HTTP][39m [37m-->[39m [37mGET[39m [37m/wd/hub/session/817775db-013e-4e31-8980-c8ee8811b71d/screenshot[39m
[35m[HTTP][39m [90m{}[39m
[35m[HTTP][39m [37m<-- GET /wd/hub/session/817775db-013e-4e31-8980-c8ee8811b71d/screenshot [39m[32m200[39m [90m796 ms - 105624[39m
[35m[HTTP][39m [90m[39m
[35m[HTTP][39m [37m-->[39m [37mPOST[39m [37m/wd/hub/session/817775db-013e-4e31-8980-c8ee8811b71d/elements[39m
[35m[HTTP][39m [90m{"using":"xpath","value":"//*[@class = 'android.widget.EditText' and (@text = '43574@ghf.hg, Email' or . = '43574@ghf.hg, Email') and @resource-id = '']"}[39m
[35m[HTTP][39m [37m<-- POST /wd/hub/session/817775db-013e-4e31-8980-c8ee8811b71d/elements [39m[32m200[39m [90m243 ms - 139[39m
[35m[HTTP][39m [90m[39m
[35m[HTTP][39m [37m-->[39m [37mGET[39m [37m/wd/hub/session/817775db-013e-4e31-8980-c8ee8811b71d/window/rect[39m
[35m[HTTP][39m [90m{}[39m
[35m[HTTP][39m [37m<-- GET /wd/hub/session/817775db-013e-4e31-8980-c8ee8811b71d/window/rect [39m[32m200[39m [90m23 ms - 49[39m
[35m[HTTP][39m [90m[39m
[35m[HTTP][39m [37m-->[39m [37mPOST[39m [37m/wd/hub/session/817775db-013e-4e31-8980-c8ee8811b71d/elements[39m
[35m[HTTP][39m [90m{"using":"xpath","value":"//*[@class = 'android.widget.EditText' and (@text = '43574@ghf.hg, Email' or . = '43574@ghf.hg, Email') and @resource-id = '']"}[39m
[35m[HTTP][39m [37m<-- POST /wd/hub/session/817775db-013e-4e31-8980-c8ee8811b71d/elements [39m[32m200[39m [90m174 ms - 139[39m
[35m[HTTP][39m [90m[39m
[35m[HTTP][39m [37m-->[39m [37mGET[39m [37m/wd/hub/session/817775db-013e-4e31-8980-c8ee8811b71d/element/00000000-0000-00f8-0000-026500000004/location[39m
[35m[HTTP][39m [90m{}[39m
[35m[W3C (817775db)][39m Driver proxy active, passing request on via HTTP proxy
[35m[WD Proxy][39m Replacing sessionId ac5379f4-cdca-4087-99d9-fb0ea976cfd6 with 817775db-013e-4e31-8980-c8ee8811b71d
[35m[HTTP][39m [37m<-- GET /wd/hub/session/817775db-013e-4e31-8980-c8ee8811b71d/element/00000000-0000-00f8-0000-026500000004/location [39m[32m200[39m [90m33 ms - 77[39m
[35m[HTTP][39m [90m[39m
[35m[HTTP][39m [37m-->[39m [37mPOST[39m [37m/wd/hub/session/817775db-013e-4e31-8980-c8ee8811b71d/element/00000000-0000-00f8-0000-026500000004/click[39m
[35m[HTTP][39m [90m{"id":"00000000-0000-00f8-0000-026500000004"}[39m
[35m[HTTP][39m [37m<-- POST /wd/hub/session/817775db-013e-4e31-8980-c8ee8811b71d/element/00000000-0000-00f8-0000-026500000004/click [39m[32m200[39m [90m64 ms - 14[39m
[35m[HTTP][39m [90m[39m
[35m[HTTP][39m [37m-->[39m [37mGET[39m [37m/wd/hub/session/817775db-013e-4e31-8980-c8ee8811b71d/source[39m
[35m[HTTP][39m [90m{}[39m
[35m[W3C (817775db)][39m Driver proxy active, passing request on via HTTP proxy
[35m[WD Proxy][39m Replacing sessionId ac5379f4-cdca-4087-99d9-fb0ea976cfd6 with 817775db-013e-4e31-8980-c8ee8811b71d
[35m[HTTP][39m [37m<-- GET /wd/hub/session/817775db-013e-4e31-8980-c8ee8811b71d/source [39m[32m200[39m [90m350 ms - 10768[39m
[35m[HTTP][39m [90m[39m
[35m[HTTP][39m [37m-->[39m [37mGET[39m [37m/wd/hub/session/817775db-013e-4e31-8980-c8ee8811b71d/screenshot[39m
[35m[HTTP][39m [90m{}[39m
[35m[HTTP][39m [37m<-- GET /wd/hub/session/817775db-013e-4e31-8980-c8ee8811b71d/screenshot [39m[32m200[39m [90m869 ms - 150914[39m
[35m[HTTP][39m [90m[39m
[35m[HTTP][39m [37m-->[39m [37mPOST[39m [37m/wd/hub/session/817775db-013e-4e31-8980-c8ee8811b71d/elements[39m
[35m[HTTP][39m [90m{"using":"xpath","value":"//*[@class = 'android.widget.EditText' and (@text = '43574@ghf.hg, Email' or . = '43574@ghf.hg, Email') and @resource-id = '']"}[39m
[35m[HTTP][39m [37m<-- POST /wd/hub/session/817775db-013e-4e31-8980-c8ee8811b71d/elements [39m[32m200[39m [90m229 ms - 139[39m
[35m[HTTP][39m [90m[39m
[35m[HTTP][39m [37m-->[39m [37mGET[39m [37m/wd/hub/session/817775db-013e-4e31-8980-c8ee8811b71d/window/rect[39m
[35m[HTTP][39m [90m{}[39m
[35m[HTTP][39m [37m<-- GET /wd/hub/session/817775db-013e-4e31-8980-c8ee8811b71d/window/rect [39m[32m200[39m [90m34 ms - 49[39m
[35m[HTTP][39m [90m[39m
[35m[HTTP][39m [37m-->[39m [37mPOST[39m [37m/wd/hub/session/817775db-013e-4e31-8980-c8ee8811b71d/elements[39m
[35m[HTTP][39m [90m{"using":"xpath","value":"//*[@class = 'android.widget.EditText' and (@text = '43574@ghf.hg, Email' or . = '43574@ghf.hg, Email') and @resource-id = '']"}[39m
[35m[HTTP][39m [37m<-- POST /wd/hub/session/817775db-013e-4e31-8980-c8ee8811b71d/elements [39m[32m200[39m [90m238 ms - 139[39m
[35m[HTTP][39m [90m[39m
[35m[HTTP][39m [37m-->[39m [37mGET[39m [37m/wd/hub/session/817775db-013e-4e31-8980-c8ee8811b71d/element/00000000-0000-00f8-0000-026500000004/location[39m
[35m[HTTP][39m [90m{}[39m
[35m[W3C (817775db)][39m Driver proxy active, passing request on via HTTP proxy
[35m[WD Proxy][39m Replacing sessionId ac5379f4-cdca-4087-99d9-fb0ea976cfd6 with 817775db-013e-4e31-8980-c8ee8811b71d
[35m[HTTP][39m [37m<-- GET /wd/hub/session/817775db-013e-4e31-8980-c8ee8811b71d/element/00000000-0000-00f8-0000-026500000004/location [39m[32m200[39m [90m31 ms - 77[39m
[35m[HTTP][39m [90m[39m
[35m[HTTP][39m [37m-->[39m [37mPOST[39m [37m/wd/hub/session/817775db-013e-4e31-8980-c8ee8811b71d/element/00000000-0000-00f8-0000-026500000004/value[39m
[35m[HTTP][39m [90m{"id":"00000000-0000-00f8-0000-026500000004","text":"automation@gmail.com","value":["a","u","t","o","m","a","t","i","o","n","@","g","m","a","i","l",".","c","o","m"]}[39m
[35m[HTTP][39m [37m<-- POST /wd/hub/session/817775db-013e-4e31-8980-c8ee8811b71d/element/00000000-0000-00f8-0000-026500000004/value [39m[32m200[39m [90m53 ms - 14[39m
[35m[HTTP][39m [90m[39m
[35m[HTTP][39m [37m-->[39m [37mGET[39m [37m/wd/hub/session/817775db-013e-4e31-8980-c8ee8811b71d/source[39m
[35m[HTTP][39m [90m{}[39m
[35m[W3C (817775db)][39m Driver proxy active, passing request on via HTTP proxy
[35m[WD Proxy][39m Replacing sessionId ac5379f4-cdca-4087-99d9-fb0ea976cfd6 with 817775db-013e-4e31-8980-c8ee8811b71d
[35m[HTTP][39m [37m<-- GET /wd/hub/session/817775db-013e-4e31-8980-c8ee8811b71d/source [39m[32m200[39m [90m222 ms - 10776[39m
[35m[HTTP][39m [90m[39m
[35m[HTTP][39m [37m-->[39m [37mGET[39m [37m/wd/hub/session/817775db-013e-4e31-8980-c8ee8811b71d/screenshot[39m
[35m[HTTP][39m [90m{}[39m
[35m[HTTP][39m [37m<-- GET /wd/hub/session/817775db-013e-4e31-8980-c8ee8811b71d/screenshot [39m[32m200[39m [90m831 ms - 152552[39m
[35m[HTTP][39m [90m[39m
[35m[HTTP][39m [37m-->[39m [37mGET[39m [37m/wd/hub/session/817775db-013e-4e31-8980-c8ee8811b71d/context[39m
[35m[HTTP][39m [90m{}[39m
[35m[HTTP][39m [37m<-- GET /wd/hub/session/817775db-013e-4e31-8980-c8ee8811b71d/context [39m[32m200[39m [90m1 ms - 22[39m
[35m[HTTP][39m [90m[39m
[35m[HTTP][39m [37m-->[39m [37mGET[39m [37m/wd/hub/session/817775db-013e-4e31-8980-c8ee8811b71d/contexts[39m
[35m[HTTP][39m [90m{}[39m
[35m[HTTP][39m [37m<-- GET /wd/hub/session/817775db-013e-4e31-8980-c8ee8811b71d/contexts [39m[32m200[39m [90m158 ms - 24[39m
[35m[HTTP][39m [90m[39m
[35m[HTTP][39m [37m-->[39m [37mPOST[39m [37m/wd/hub/session/817775db-013e-4e31-8980-c8ee8811b71d/context[39m
[35m[HTTP][39m [90m{"name":"NATIVE_APP"}[39m
[35m[HTTP][39m [37m<-- POST /wd/hub/session/817775db-013e-4e31-8980-c8ee8811b71d/context [39m[32m200[39m [90m2 ms - 14[39m
[35m[HTTP][39m [90m[39m
[35m[HTTP][39m [37m-->[39m [37mPOST[39m [37m/wd/hub/session/817775db-013e-4e31-8980-c8ee8811b71d/appium/device/hide_keyboard[39m
[35m[HTTP][39m [90m{}[39m
[35m[HTTP][39m [37m<-- POST /wd/hub/session/817775db-013e-4e31-8980-c8ee8811b71d/appium/device/hide_keyboard [39m[32m200[39m [90m4483 ms - 14[39m
[35m[HTTP][39m [90m[39m
[35m[HTTP][39m [37m-->[39m [37mPOST[39m [37m/wd/hub/session/817775db-013e-4e31-8980-c8ee8811b71d/context[39m
[35m[HTTP][39m [90m{"name":"NATIVE_APP"}[39m
[35m[HTTP][39m [37m<-- POST /wd/hub/session/817775db-013e-4e31-8980-c8ee8811b71d/context [39m[32m200[39m [90m1 ms - 14[39m
[35m[HTTP][39m [90m[39m
[35m[HTTP][39m [37m-->[39m [37mGET[39m [37m/wd/hub/session/817775db-013e-4e31-8980-c8ee8811b71d/source[39m
[35m[HTTP][39m [90m{}[39m
[35m[W3C (817775db)][39m Driver proxy active, passing request on via HTTP proxy
[35m[WD Proxy][39m Replacing sessionId ac5379f4-cdca-4087-99d9-fb0ea976cfd6 with 817775db-013e-4e31-8980-c8ee8811b71d
[35m[HTTP][39m [37m<-- GET /wd/hub/session/817775db-013e-4e31-8980-c8ee8811b71d/source [39m[32m200[39m [90m334 ms - 12503[39m
[35m[HTTP][39m [90m[39m
[35m[HTTP][39m [37m-->[39m [37mGET[39m [37m/wd/hub/session/817775db-013e-4e31-8980-c8ee8811b71d/screenshot[39m
[35m[HTTP][39m [90m{}[39m
[35m[HTTP][39m [37m<-- GET /wd/hub/session/817775db-013e-4e31-8980-c8ee8811b71d/screenshot [39m[32m200[39m [90m883 ms - 108446[39m
[35m[HTTP][39m [90m[39m
[35m[HTTP][39m [37m-->[39m [37mPOST[39m [37m/wd/hub/session/817775db-013e-4e31-8980-c8ee8811b71d/elements[39m
[35m[HTTP][39m [90m{"using":"xpath","value":"//*[@class = 'android.widget.EditText' and (@text = 'automation@gmail.com, Email' or . = 'automation@gmail.com, Email') and @resource-id = '']"}[39m
[35m[HTTP][39m [37m<-- POST /wd/hub/session/817775db-013e-4e31-8980-c8ee8811b71d/elements [39m[32m200[39m [90m284 ms - 139[39m
[35m[HTTP][39m [90m[39m
[35m[HTTP][39m [37m-->[39m [37mGET[39m [37m/wd/hub/session/817775db-013e-4e31-8980-c8ee8811b71d/window/rect[39m
[35m[HTTP][39m [90m{}[39m
[35m[HTTP][39m [37m<-- GET /wd/hub/session/817775db-013e-4e31-8980-c8ee8811b71d/window/rect [39m[32m200[39m [90m19 ms - 49[39m
[35m[HTTP][39m [90m[39m
[35m[HTTP][39m [37m-->[39m [37mPOST[39m [37m/wd/hub/session/817775db-013e-4e31-8980-c8ee8811b71d/elements[39m
[35m[HTTP][39m [90m{"using":"xpath","value":"//*[@class = 'android.widget.EditText' and (@text = 'automation@gmail.com, Email' or . = 'automation@gmail.com, Email') and @resource-id = '']"}[39m
[35m[HTTP][39m [37m<-- POST /wd/hub/session/817775db-013e-4e31-8980-c8ee8811b71d/elements [39m[32m200[39m [90m124 ms - 139[39m
[35m[HTTP][39m [90m[39m
[35m[HTTP][39m [37m-->[39m [37mGET[39m [37m/wd/hub/session/817775db-013e-4e31-8980-c8ee8811b71d/element/00000000-0000-00f8-0000-026500000004/location[39m
[35m[HTTP][39m [90m{}[39m
[35m[W3C (817775db)][39m Driver proxy active, passing request on via HTTP proxy
[35m[WD Proxy][39m Replacing sessionId ac5379f4-cdca-4087-99d9-fb0ea976cfd6 with 817775db-013e-4e31-8980-c8ee8811b71d
[35m[HTTP][39m [37m<-- GET /wd/hub/session/817775db-013e-4e31-8980-c8ee8811b71d/element/00000000-0000-00f8-0000-026500000004/location [39m[32m200[39m [90m33 ms - 77[39m
[35m[HTTP][39m [90m[39m
[35m[HTTP][39m [37m-->[39m [37mPOST[39m [37m/wd/hub/session/817775db-013e-4e31-8980-c8ee8811b71d/element/00000000-0000-00f8-0000-026500000004/click[39m
[35m[HTTP][39m [90m{"id":"00000000-0000-00f8-0000-026500000004"}[39m
[35m[HTTP][39m [37m<-- POST /wd/hub/session/817775db-013e-4e31-8980-c8ee8811b71d/element/00000000-0000-00f8-0000-026500000004/click [39m[32m200[39m [90m59 ms - 14[39m
[35m[HTTP][39m [90m[39m
[35m[HTTP][39m [37m-->[39m [37mGET[39m [37m/wd/hub/session/817775db-013e-4e31-8980-c8ee8811b71d/source[39m
[35m[HTTP][39m [90m{}[39m
[35m[W3C (817775db)][39m Driver proxy active, passing request on via HTTP proxy
[35m[WD Proxy][39m Replacing sessionId ac5379f4-cdca-4087-99d9-fb0ea976cfd6 with 817775db-013e-4e31-8980-c8ee8811b71d
[35m[HTTP][39m [37m<-- GET /wd/hub/session/817775db-013e-4e31-8980-c8ee8811b71d/source [39m[32m200[39m [90m345 ms - 10776[39m
[35m[HTTP][39m [90m[39m
[35m[HTTP][39m [37m-->[39m [37mGET[39m [37m/wd/hub/session/817775db-013e-4e31-8980-c8ee8811b71d/screenshot[39m
[35m[HTTP][39m [90m{}[39m
[35m[HTTP][39m [37m<-- GET /wd/hub/session/817775db-013e-4e31-8980-c8ee8811b71d/screenshot [39m[32m200[39m [90m599 ms - 153608[39m
[35m[HTTP][39m [90m[39m
[35m[HTTP][39m [37m-->[39m [37mPOST[39m [37m/wd/hub/session/817775db-013e-4e31-8980-c8ee8811b71d/elements[39m
[35m[HTTP][39m [90m{"using":"xpath","value":"//*[@class = 'android.widget.EditText' and (@text = 'automation@gmail.com, Email' or . = 'automation@gmail.com, Email') and @resource-id = '']"}[39m
[35m[HTTP][39m [37m<-- POST /wd/hub/session/817775db-013e-4e31-8980-c8ee8811b71d/elements [39m[32m200[39m [90m154 ms - 139[39m
[35m[HTTP][39m [90m[39m
[35m[HTTP][39m [37m-->[39m [37mDELETE[39m [37m/wd/hub/session/817775db-013e-4e31-8980-c8ee8811b71d[39m
[35m[HTTP][39m [90m{}[39m
[35m[Appium][39m Removing session 817775db-013e-4e31-8980-c8ee8811b71d from our master session list
[35m[UiAutomator2][39m Restoring hidden api policy to the device default configuration
[35m[HTTP][39m [37m<-- DELETE /wd/hub/session/817775db-013e-4e31-8980-c8ee8811b71d [39m[32m200[39m [90m740 ms - 14[39m
[35m[HTTP][39m [90m[39m
